  [1m[36mSequel::SQLite::Database (0.3ms)[0m  [1mPRAGMA foreign_keys = 1[0m
  [1m[35mSequel::SQLite::Database (0.0ms)[0m  PRAGMA case_sensitive_like = 1
  [1m[36mSequel::SQLite::Database (38.4ms)[0m  [1mATTACH DATABASE '/data/multimedia/musiclibrary.db' AS libdb[0m
  [1m[36mSequel::SQLite::Database (0.3ms)[0m  [1mPRAGMA foreign_keys = 1[0m
  [1m[35mSequel::SQLite::Database (0.0ms)[0m  PRAGMA case_sensitive_like = 1
  [1m[36mSequel::SQLite::Database (6.5ms)[0m  [1mATTACH DATABASE '/data/multimedia/musiclibrary.db' AS libdb[0m
  [1m[35mSequel::SQLite::Database (0.3ms)[0m  PRAGMA table_info('groups')
  [1m[36mSequel::SQLite::Database (3.7ms)[0m  [1mSELECT * FROM `groups` LIMIT 1[0m
  [1m[36mSequel::SQLite::Database (0.3ms)[0m  [1mPRAGMA foreign_keys = 1[0m
  [1m[35mSequel::SQLite::Database (0.0ms)[0m  PRAGMA case_sensitive_like = 1
  [1m[36mSequel::SQLite::Database (33.8ms)[0m  [1mATTACH DATABASE '/data/multimedia/musiclibrary.db' AS libdb[0m


Started GET "/" for 127.0.0.1 at 2014-03-31 17:01:54 -0700
Processing by Rails::WelcomeController#index as HTML
  Rendered /home/jlefley/.rvm/gems/ruby-2.0.0-p247@rails3212/gems/railties-4.0.4/lib/rails/templates/rails/welcome/index.html.erb (1.5ms)
Completed 200 OK in 7ms (Views: 6.8ms | ActiveRecord: 0.0ms | Models: 0.0ms)
  [1m[36mSequel::SQLite::Database (0.3ms)[0m  [1mPRAGMA foreign_keys = 1[0m
  [1m[35mSequel::SQLite::Database (0.0ms)[0m  PRAGMA case_sensitive_like = 1
  [1m[36mSequel::SQLite::Database (5.4ms)[0m  [1mATTACH DATABASE '/data/multimedia/musiclibrary.db' AS libdb[0m


Started GET "/" for 127.0.0.1 at 2014-03-31 17:04:32 -0700
Processing by Rails::WelcomeController#index as HTML
  Rendered /home/jlefley/.rvm/gems/ruby-2.0.0-p247@rails3212/gems/railties-4.0.4/lib/rails/templates/rails/welcome/index.html.erb (1.4ms)
Completed 200 OK in 7ms (Views: 6.3ms | Models: 0.0ms)
  [1m[36mSequel::SQLite::Database (0.3ms)[0m  [1mPRAGMA foreign_keys = 1[0m
  [1m[35mSequel::SQLite::Database (0.0ms)[0m  PRAGMA case_sensitive_like = 1
  [1m[36mSequel::SQLite::Database (5.4ms)[0m  [1mATTACH DATABASE '/data/multimedia/musiclibrary.db' AS libdb[0m


Started GET "/" for 127.0.0.1 at 2014-03-31 17:05:07 -0700

ActionController::RoutingError (uninitialized constant Dabster::ApplicationController::DabsterApp):
  /home/jlefley/development/music/dabster/app/controllers/dabster/application_controller.rb:3:in `<class:ApplicationController>'
  /home/jlefley/development/music/dabster/app/controllers/dabster/application_controller.rb:2:in `<module:Dabster>'
  /home/jlefley/development/music/dabster/app/controllers/dabster/application_controller.rb:1:in `<top (required)>'
  /home/jlefley/development/music/dabster/app/controllers/dabster/main_controller.rb:2:in `<module:Dabster>'
  /home/jlefley/development/music/dabster/app/controllers/dabster/main_controller.rb:1:in `<top (required)>'
  activesupport (4.0.4) lib/active_support/inflector/methods.rb:228:in `const_get'
  activesupport (4.0.4) lib/active_support/inflector/methods.rb:228:in `block in constantize'
  activesupport (4.0.4) lib/active_support/inflector/methods.rb:224:in `each'
  activesupport (4.0.4) lib/active_support/inflector/methods.rb:224:in `inject'
  activesupport (4.0.4) lib/active_support/inflector/methods.rb:224:in `constantize'
  actionpack (4.0.4) lib/action_dispatch/routing/route_set.rb:76:in `controller_reference'
  actionpack (4.0.4) lib/action_dispatch/routing/route_set.rb:66:in `controller'
  actionpack (4.0.4) lib/action_dispatch/routing/route_set.rb:44:in `call'
  actionpack (4.0.4) lib/action_dispatch/journey/router.rb:71:in `block in call'
  actionpack (4.0.4) lib/action_dispatch/journey/router.rb:59:in `each'
  actionpack (4.0.4) lib/action_dispatch/journey/router.rb:59:in `call'
  actionpack (4.0.4) lib/action_dispatch/routing/route_set.rb:674:in `call'
  railties (4.0.4) lib/rails/engine.rb:511:in `call'
  railties (4.0.4) lib/rails/railtie/configurable.rb:30:in `method_missing'
  actionpack (4.0.4) lib/action_dispatch/journey/router.rb:71:in `block in call'
  actionpack (4.0.4) lib/action_dispatch/journey/router.rb:59:in `each'
  actionpack (4.0.4) lib/action_dispatch/journey/router.rb:59:in `call'
  actionpack (4.0.4) lib/action_dispatch/routing/route_set.rb:674:in `call'
  rack (1.5.2) lib/rack/etag.rb:23:in `call'
  rack (1.5.2) lib/rack/conditionalget.rb:25:in `call'
  rack (1.5.2) lib/rack/head.rb:11:in `call'
  actionpack (4.0.4) lib/action_dispatch/middleware/params_parser.rb:27:in `call'
  actionpack (4.0.4) lib/action_dispatch/middleware/flash.rb:241:in `call'
  rack (1.5.2) lib/rack/session/abstract/id.rb:225:in `context'
  rack (1.5.2) lib/rack/session/abstract/id.rb:220:in `call'
  actionpack (4.0.4) lib/action_dispatch/middleware/cookies.rb:486:in `call'
  actionpack (4.0.4) lib/action_dispatch/middleware/callbacks.rb:29:in `block in call'
  activesupport (4.0.4) lib/active_support/callbacks.rb:373:in `_run__3383406836872269524__call__callbacks'
  activesupport (4.0.4) lib/active_support/callbacks.rb:80:in `run_callbacks'
  actionpack (4.0.4) lib/action_dispatch/middleware/callbacks.rb:27:in `call'
  actionpack (4.0.4) lib/action_dispatch/middleware/reloader.rb:64:in `call'
  actionpack (4.0.4) lib/action_dispatch/middleware/remote_ip.rb:76:in `call'
  actionpack (4.0.4) lib/action_dispatch/middleware/debug_exceptions.rb:17:in `call'
  actionpack (4.0.4) lib/action_dispatch/middleware/show_exceptions.rb:30:in `call'
  railties (4.0.4) lib/rails/rack/logger.rb:38:in `call_app'
  railties (4.0.4) lib/rails/rack/logger.rb:20:in `block in call'
  activesupport (4.0.4) lib/active_support/tagged_logging.rb:68:in `block in tagged'
  activesupport (4.0.4) lib/active_support/tagged_logging.rb:26:in `tagged'
  activesupport (4.0.4) lib/active_support/tagged_logging.rb:68:in `tagged'
  railties (4.0.4) lib/rails/rack/logger.rb:20:in `call'
  actionpack (4.0.4) lib/action_dispatch/middleware/request_id.rb:21:in `call'
  rack (1.5.2) lib/rack/methodoverride.rb:21:in `call'
  rack (1.5.2) lib/rack/runtime.rb:17:in `call'
  activesupport (4.0.4) lib/active_support/cache/strategy/local_cache.rb:83:in `call'
  rack (1.5.2) lib/rack/lock.rb:17:in `call'
  actionpack (4.0.4) lib/action_dispatch/middleware/static.rb:64:in `call'
  rack (1.5.2) lib/rack/sendfile.rb:112:in `call'
  railties (4.0.4) lib/rails/engine.rb:511:in `call'
  railties (4.0.4) lib/rails/application.rb:97:in `call'
  rack (1.5.2) lib/rack/lock.rb:17:in `call'
  rack (1.5.2) lib/rack/content_length.rb:14:in `call'
  rack (1.5.2) lib/rack/handler/webrick.rb:60:in `service'
  /home/jlefley/.rvm/rubies/ruby-2.0.0-p247/lib/ruby/2.0.0/webrick/httpserver.rb:138:in `service'
  /home/jlefley/.rvm/rubies/ruby-2.0.0-p247/lib/ruby/2.0.0/webrick/httpserver.rb:94:in `run'
  /home/jlefley/.rvm/rubies/ruby-2.0.0-p247/lib/ruby/2.0.0/webrick/server.rb:295:in `block in start_thread'


  Rendered /home/jlefley/.rvm/gems/ruby-2.0.0-p247@rails3212/gems/actionpack-4.0.4/lib/action_dispatch/middleware/templates/rescues/_trace.erb (1.4ms)
  Rendered /home/jlefley/.rvm/gems/ruby-2.0.0-p247@rails3212/gems/actionpack-4.0.4/lib/action_dispatch/middleware/templates/routes/_route.html.erb (0.8ms)
  Rendered /home/jlefley/.rvm/gems/ruby-2.0.0-p247@rails3212/gems/actionpack-4.0.4/lib/action_dispatch/middleware/templates/routes/_route.html.erb (1.9ms)
  Rendered /home/jlefley/.rvm/gems/ruby-2.0.0-p247@rails3212/gems/actionpack-4.0.4/lib/action_dispatch/middleware/templates/routes/_table.html.erb (3.6ms)
  Rendered /home/jlefley/.rvm/gems/ruby-2.0.0-p247@rails3212/gems/actionpack-4.0.4/lib/action_dispatch/middleware/templates/rescues/routing_error.erb within rescues/layout (39.6ms)


Started GET "/" for 127.0.0.1 at 2014-03-31 17:06:15 -0700
Processing by Dabster::MainController#index as HTML
  Rendered /home/jlefley/development/music/dabster/app/views/dabster/main/index.html.erb within layouts/dabster/application (2.7ms)
Completed 200 OK in 37ms (Views: 36.5ms | Models: 0.0ms)


Started GET "/assets/dabster/application.css?body=1" for 127.0.0.1 at 2014-03-31 17:06:15 -0700


Started GET "/assets/dabster/application.js?body=1" for 127.0.0.1 at 2014-03-31 17:06:15 -0700


Started GET "/library_albums" for 127.0.0.1 at 2014-03-31 17:06:25 -0700
Processing by Dabster::LibraryAlbumsController#index as HTML
  [1m[35mSequel::SQLite::Database (1.2ms)[0m  PRAGMA table_info('albums')
Completed 500 Internal Server Error in 11ms

LoadError (Unable to autoload constant Library::Album, expected /home/jlefley/development/music/dabster/app/models/library/album.rb to define it):
  activesupport (4.0.4) lib/active_support/dependencies.rb:464:in `load_missing_constant'
  activesupport (4.0.4) lib/active_support/dependencies.rb:184:in `const_missing'
  /home/jlefley/development/music/dabster/app/controllers/dabster/library_albums_controller.rb:16:in `index'
  actionpack (4.0.4) lib/action_controller/metal/implicit_render.rb:4:in `send_action'
  actionpack (4.0.4) lib/abstract_controller/base.rb:189:in `process_action'
  actionpack (4.0.4) lib/action_controller/metal/rendering.rb:10:in `process_action'
  actionpack (4.0.4) lib/abstract_controller/callbacks.rb:18:in `block in process_action'
  activesupport (4.0.4) lib/active_support/callbacks.rb:373:in `_run__4121683318607937763__process_action__callbacks'
  activesupport (4.0.4) lib/active_support/callbacks.rb:80:in `run_callbacks'
  actionpack (4.0.4) lib/abstract_controller/callbacks.rb:17:in `process_action'
  actionpack (4.0.4) lib/action_controller/metal/rescue.rb:29:in `process_action'
  actionpack (4.0.4) lib/action_controller/metal/instrumentation.rb:31:in `block in process_action'
  activesupport (4.0.4) lib/active_support/notifications.rb:159:in `block in instrument'
  activesupport (4.0.4) lib/active_support/notifications/instrumenter.rb:20:in `instrument'
  activesupport (4.0.4) lib/active_support/notifications.rb:159:in `instrument'
  actionpack (4.0.4) lib/action_controller/metal/instrumentation.rb:30:in `process_action'
  actionpack (4.0.4) lib/action_controller/metal/params_wrapper.rb:250:in `process_action'
  sequel-rails (0.9.2) lib/sequel_rails/railties/controller_runtime.rb:17:in `process_action'
  actionpack (4.0.4) lib/abstract_controller/base.rb:136:in `process'
  actionpack (4.0.4) lib/abstract_controller/rendering.rb:44:in `process'
  actionpack (4.0.4) lib/action_controller/metal.rb:195:in `dispatch'
  actionpack (4.0.4) lib/action_controller/metal/rack_delegation.rb:13:in `dispatch'
  actionpack (4.0.4) lib/action_controller/metal.rb:231:in `block in action'
  actionpack (4.0.4) lib/action_dispatch/routing/route_set.rb:80:in `call'
  actionpack (4.0.4) lib/action_dispatch/routing/route_set.rb:80:in `dispatch'
  actionpack (4.0.4) lib/action_dispatch/routing/route_set.rb:48:in `call'
  actionpack (4.0.4) lib/action_dispatch/journey/router.rb:71:in `block in call'
  actionpack (4.0.4) lib/action_dispatch/journey/router.rb:59:in `each'
  actionpack (4.0.4) lib/action_dispatch/journey/router.rb:59:in `call'
  actionpack (4.0.4) lib/action_dispatch/routing/route_set.rb:674:in `call'
  railties (4.0.4) lib/rails/engine.rb:511:in `call'
  railties (4.0.4) lib/rails/railtie/configurable.rb:30:in `method_missing'
  actionpack (4.0.4) lib/action_dispatch/journey/router.rb:71:in `block in call'
  actionpack (4.0.4) lib/action_dispatch/journey/router.rb:59:in `each'
  actionpack (4.0.4) lib/action_dispatch/journey/router.rb:59:in `call'
  actionpack (4.0.4) lib/action_dispatch/routing/route_set.rb:674:in `call'
  rack (1.5.2) lib/rack/etag.rb:23:in `call'
  rack (1.5.2) lib/rack/conditionalget.rb:25:in `call'
  rack (1.5.2) lib/rack/head.rb:11:in `call'
  actionpack (4.0.4) lib/action_dispatch/middleware/params_parser.rb:27:in `call'
  actionpack (4.0.4) lib/action_dispatch/middleware/flash.rb:241:in `call'
  rack (1.5.2) lib/rack/session/abstract/id.rb:225:in `context'
  rack (1.5.2) lib/rack/session/abstract/id.rb:220:in `call'
  actionpack (4.0.4) lib/action_dispatch/middleware/cookies.rb:486:in `call'
  actionpack (4.0.4) lib/action_dispatch/middleware/callbacks.rb:29:in `block in call'
  activesupport (4.0.4) lib/active_support/callbacks.rb:373:in `_run__3383406836872269524__call__callbacks'
  activesupport (4.0.4) lib/active_support/callbacks.rb:80:in `run_callbacks'
  actionpack (4.0.4) lib/action_dispatch/middleware/callbacks.rb:27:in `call'
  actionpack (4.0.4) lib/action_dispatch/middleware/reloader.rb:64:in `call'
  actionpack (4.0.4) lib/action_dispatch/middleware/remote_ip.rb:76:in `call'
  actionpack (4.0.4) lib/action_dispatch/middleware/debug_exceptions.rb:17:in `call'
  actionpack (4.0.4) lib/action_dispatch/middleware/show_exceptions.rb:30:in `call'
  railties (4.0.4) lib/rails/rack/logger.rb:38:in `call_app'
  railties (4.0.4) lib/rails/rack/logger.rb:20:in `block in call'
  activesupport (4.0.4) lib/active_support/tagged_logging.rb:68:in `block in tagged'
  activesupport (4.0.4) lib/active_support/tagged_logging.rb:26:in `tagged'
  activesupport (4.0.4) lib/active_support/tagged_logging.rb:68:in `tagged'
  railties (4.0.4) lib/rails/rack/logger.rb:20:in `call'
  actionpack (4.0.4) lib/action_dispatch/middleware/request_id.rb:21:in `call'
  rack (1.5.2) lib/rack/methodoverride.rb:21:in `call'
  rack (1.5.2) lib/rack/runtime.rb:17:in `call'
  activesupport (4.0.4) lib/active_support/cache/strategy/local_cache.rb:83:in `call'
  rack (1.5.2) lib/rack/lock.rb:17:in `call'
  actionpack (4.0.4) lib/action_dispatch/middleware/static.rb:64:in `call'
  rack (1.5.2) lib/rack/sendfile.rb:112:in `call'
  railties (4.0.4) lib/rails/engine.rb:511:in `call'
  railties (4.0.4) lib/rails/application.rb:97:in `call'
  rack (1.5.2) lib/rack/lock.rb:17:in `call'
  rack (1.5.2) lib/rack/content_length.rb:14:in `call'
  rack (1.5.2) lib/rack/handler/webrick.rb:60:in `service'
  /home/jlefley/.rvm/rubies/ruby-2.0.0-p247/lib/ruby/2.0.0/webrick/httpserver.rb:138:in `service'
  /home/jlefley/.rvm/rubies/ruby-2.0.0-p247/lib/ruby/2.0.0/webrick/httpserver.rb:94:in `run'
  /home/jlefley/.rvm/rubies/ruby-2.0.0-p247/lib/ruby/2.0.0/webrick/server.rb:295:in `block in start_thread'


  Rendered /home/jlefley/.rvm/gems/ruby-2.0.0-p247@rails3212/gems/actionpack-4.0.4/lib/action_dispatch/middleware/templates/rescues/_source.erb (0.8ms)
  Rendered /home/jlefley/.rvm/gems/ruby-2.0.0-p247@rails3212/gems/actionpack-4.0.4/lib/action_dispatch/middleware/templates/rescues/_trace.erb (1.5ms)
  Rendered /home/jlefley/.rvm/gems/ruby-2.0.0-p247@rails3212/gems/actionpack-4.0.4/lib/action_dispatch/middleware/templates/rescues/_request_and_response.erb (1.6ms)
  Rendered /home/jlefley/.rvm/gems/ruby-2.0.0-p247@rails3212/gems/actionpack-4.0.4/lib/action_dispatch/middleware/templates/rescues/diagnostics.erb within rescues/layout (15.4ms)
  [1m[36mSequel::SQLite::Database (0.3ms)[0m  [1mPRAGMA foreign_keys = 1[0m
  [1m[35mSequel::SQLite::Database (0.0ms)[0m  PRAGMA case_sensitive_like = 1
  [1m[36mSequel::SQLite::Database (5.9ms)[0m  [1mATTACH DATABASE '/data/multimedia/musiclibrary.db' AS libdb[0m
  [1m[36mSequel::SQLite::Database (0.3ms)[0m  [1mPRAGMA foreign_keys = 1[0m
  [1m[35mSequel::SQLite::Database (0.0ms)[0m  PRAGMA case_sensitive_like = 1
  [1m[36mSequel::SQLite::Database (6.0ms)[0m  [1mATTACH DATABASE '/data/multimedia/musiclibrary.db' AS libdb[0m


Started GET "/library_albums" for 127.0.0.1 at 2014-03-31 17:15:47 -0700
Processing by Dabster::LibraryAlbumsController#index as HTML
  [1m[35mSequel::SQLite::Database (1.1ms)[0m  PRAGMA table_info('albums')
Completed 500 Internal Server Error in 9ms

LoadError (Unable to autoload constant Library::Album, expected /home/jlefley/development/music/dabster/app/models/library/album.rb to define it):
  activesupport (4.0.4) lib/active_support/dependencies.rb:464:in `load_missing_constant'
  activesupport (4.0.4) lib/active_support/dependencies.rb:184:in `const_missing'
  /home/jlefley/development/music/dabster/app/controllers/dabster/library_albums_controller.rb:16:in `index'
  actionpack (4.0.4) lib/action_controller/metal/implicit_render.rb:4:in `send_action'
  actionpack (4.0.4) lib/abstract_controller/base.rb:189:in `process_action'
  actionpack (4.0.4) lib/action_controller/metal/rendering.rb:10:in `process_action'
  actionpack (4.0.4) lib/abstract_controller/callbacks.rb:18:in `block in process_action'
  activesupport (4.0.4) lib/active_support/callbacks.rb:373:in `_run__3579639940403267230__process_action__callbacks'
  activesupport (4.0.4) lib/active_support/callbacks.rb:80:in `run_callbacks'
  actionpack (4.0.4) lib/abstract_controller/callbacks.rb:17:in `process_action'
  actionpack (4.0.4) lib/action_controller/metal/rescue.rb:29:in `process_action'
  actionpack (4.0.4) lib/action_controller/metal/instrumentation.rb:31:in `block in process_action'
  activesupport (4.0.4) lib/active_support/notifications.rb:159:in `block in instrument'
  activesupport (4.0.4) lib/active_support/notifications/instrumenter.rb:20:in `instrument'
  activesupport (4.0.4) lib/active_support/notifications.rb:159:in `instrument'
  actionpack (4.0.4) lib/action_controller/metal/instrumentation.rb:30:in `process_action'
  actionpack (4.0.4) lib/action_controller/metal/params_wrapper.rb:250:in `process_action'
  sequel-rails (0.9.2) lib/sequel_rails/railties/controller_runtime.rb:17:in `process_action'
  actionpack (4.0.4) lib/abstract_controller/base.rb:136:in `process'
  actionpack (4.0.4) lib/abstract_controller/rendering.rb:44:in `process'
  actionpack (4.0.4) lib/action_controller/metal.rb:195:in `dispatch'
  actionpack (4.0.4) lib/action_controller/metal/rack_delegation.rb:13:in `dispatch'
  actionpack (4.0.4) lib/action_controller/metal.rb:231:in `block in action'
  actionpack (4.0.4) lib/action_dispatch/routing/route_set.rb:80:in `call'
  actionpack (4.0.4) lib/action_dispatch/routing/route_set.rb:80:in `dispatch'
  actionpack (4.0.4) lib/action_dispatch/routing/route_set.rb:48:in `call'
  actionpack (4.0.4) lib/action_dispatch/journey/router.rb:71:in `block in call'
  actionpack (4.0.4) lib/action_dispatch/journey/router.rb:59:in `each'
  actionpack (4.0.4) lib/action_dispatch/journey/router.rb:59:in `call'
  actionpack (4.0.4) lib/action_dispatch/routing/route_set.rb:674:in `call'
  railties (4.0.4) lib/rails/engine.rb:511:in `call'
  railties (4.0.4) lib/rails/railtie/configurable.rb:30:in `method_missing'
  actionpack (4.0.4) lib/action_dispatch/journey/router.rb:71:in `block in call'
  actionpack (4.0.4) lib/action_dispatch/journey/router.rb:59:in `each'
  actionpack (4.0.4) lib/action_dispatch/journey/router.rb:59:in `call'
  actionpack (4.0.4) lib/action_dispatch/routing/route_set.rb:674:in `call'
  rack (1.5.2) lib/rack/etag.rb:23:in `call'
  rack (1.5.2) lib/rack/conditionalget.rb:25:in `call'
  rack (1.5.2) lib/rack/head.rb:11:in `call'
  actionpack (4.0.4) lib/action_dispatch/middleware/params_parser.rb:27:in `call'
  actionpack (4.0.4) lib/action_dispatch/middleware/flash.rb:241:in `call'
  rack (1.5.2) lib/rack/session/abstract/id.rb:225:in `context'
  rack (1.5.2) lib/rack/session/abstract/id.rb:220:in `call'
  actionpack (4.0.4) lib/action_dispatch/middleware/cookies.rb:486:in `call'
  actionpack (4.0.4) lib/action_dispatch/middleware/callbacks.rb:29:in `block in call'
  activesupport (4.0.4) lib/active_support/callbacks.rb:373:in `_run__3637436763487847635__call__callbacks'
  activesupport (4.0.4) lib/active_support/callbacks.rb:80:in `run_callbacks'
  actionpack (4.0.4) lib/action_dispatch/middleware/callbacks.rb:27:in `call'
  actionpack (4.0.4) lib/action_dispatch/middleware/reloader.rb:64:in `call'
  actionpack (4.0.4) lib/action_dispatch/middleware/remote_ip.rb:76:in `call'
  actionpack (4.0.4) lib/action_dispatch/middleware/debug_exceptions.rb:17:in `call'
  actionpack (4.0.4) lib/action_dispatch/middleware/show_exceptions.rb:30:in `call'
  railties (4.0.4) lib/rails/rack/logger.rb:38:in `call_app'
  railties (4.0.4) lib/rails/rack/logger.rb:20:in `block in call'
  activesupport (4.0.4) lib/active_support/tagged_logging.rb:68:in `block in tagged'
  activesupport (4.0.4) lib/active_support/tagged_logging.rb:26:in `tagged'
  activesupport (4.0.4) lib/active_support/tagged_logging.rb:68:in `tagged'
  railties (4.0.4) lib/rails/rack/logger.rb:20:in `call'
  actionpack (4.0.4) lib/action_dispatch/middleware/request_id.rb:21:in `call'
  rack (1.5.2) lib/rack/methodoverride.rb:21:in `call'
  rack (1.5.2) lib/rack/runtime.rb:17:in `call'
  activesupport (4.0.4) lib/active_support/cache/strategy/local_cache.rb:83:in `call'
  rack (1.5.2) lib/rack/lock.rb:17:in `call'
  actionpack (4.0.4) lib/action_dispatch/middleware/static.rb:64:in `call'
  rack (1.5.2) lib/rack/sendfile.rb:112:in `call'
  railties (4.0.4) lib/rails/engine.rb:511:in `call'
  railties (4.0.4) lib/rails/application.rb:97:in `call'
  rack (1.5.2) lib/rack/lock.rb:17:in `call'
  rack (1.5.2) lib/rack/content_length.rb:14:in `call'
  rack (1.5.2) lib/rack/handler/webrick.rb:60:in `service'
  /home/jlefley/.rvm/rubies/ruby-2.0.0-p247/lib/ruby/2.0.0/webrick/httpserver.rb:138:in `service'
  /home/jlefley/.rvm/rubies/ruby-2.0.0-p247/lib/ruby/2.0.0/webrick/httpserver.rb:94:in `run'
  /home/jlefley/.rvm/rubies/ruby-2.0.0-p247/lib/ruby/2.0.0/webrick/server.rb:295:in `block in start_thread'


  Rendered /home/jlefley/.rvm/gems/ruby-2.0.0-p247@rails3212/gems/actionpack-4.0.4/lib/action_dispatch/middleware/templates/rescues/_source.erb (0.5ms)
  Rendered /home/jlefley/.rvm/gems/ruby-2.0.0-p247@rails3212/gems/actionpack-4.0.4/lib/action_dispatch/middleware/templates/rescues/_trace.erb (1.4ms)
  Rendered /home/jlefley/.rvm/gems/ruby-2.0.0-p247@rails3212/gems/actionpack-4.0.4/lib/action_dispatch/middleware/templates/rescues/_request_and_response.erb (21.1ms)
  Rendered /home/jlefley/.rvm/gems/ruby-2.0.0-p247@rails3212/gems/actionpack-4.0.4/lib/action_dispatch/middleware/templates/rescues/diagnostics.erb within rescues/layout (33.1ms)


Started GET "/library_albums" for 127.0.0.1 at 2014-03-31 17:16:15 -0700
Processing by Dabster::LibraryAlbumsController#index as HTML
  [1m[36mSequel::SQLite::Database (665.4ms)[0m  [1mSELECT count(*) AS 'count' FROM `libdb`.`albums` LIMIT 1[0m
  [1m[35mSequel::SQLite::Database (43.4ms)[0m  SELECT * FROM `libdb`.`albums` ORDER BY `album` LIMIT 50 OFFSET 0
  Rendered /home/jlefley/development/music/dabster/app/views/dabster/library_albums/_library_album.html.erb (15.5ms)
  Rendered /home/jlefley/development/music/dabster/app/views/dabster/library_albums/index.html.erb within layouts/dabster/application (116.1ms)
Completed 500 Internal Server Error in 791ms

ActionView::Template::Error (undefined method `will_paginate' for #<#<Class:0x0000000330ace8>:0x0000000330a068>):
     7: <%= @library_albums.pagination_record_count %> total<br><br>
     8: <%= render partial: 'library_album', collection: @library_albums.all %>
     9: <br>
    10: <%= will_paginate @library_albums %>
  /home/jlefley/development/music/dabster/app/views/dabster/library_albums/index.html.erb:10:in `__home_jlefley_development_music_dabster_app_views_dabster_library_albums_index_html_erb__4369892913167613831_26755300'
  actionpack (4.0.4) lib/action_view/template.rb:143:in `block in render'
  activesupport (4.0.4) lib/active_support/notifications.rb:161:in `instrument'
  actionpack (4.0.4) lib/action_view/template.rb:141:in `render'
  actionpack (4.0.4) lib/action_view/renderer/template_renderer.rb:49:in `block (2 levels) in render_template'
  actionpack (4.0.4) lib/action_view/renderer/abstract_renderer.rb:38:in `block in instrument'
  activesupport (4.0.4) lib/active_support/notifications.rb:159:in `block in instrument'
  activesupport (4.0.4) lib/active_support/notifications/instrumenter.rb:20:in `instrument'
  activesupport (4.0.4) lib/active_support/notifications.rb:159:in `instrument'
  actionpack (4.0.4) lib/action_view/renderer/abstract_renderer.rb:38:in `instrument'
  actionpack (4.0.4) lib/action_view/renderer/template_renderer.rb:48:in `block in render_template'
  actionpack (4.0.4) lib/action_view/renderer/template_renderer.rb:56:in `render_with_layout'
  actionpack (4.0.4) lib/action_view/renderer/template_renderer.rb:47:in `render_template'
  actionpack (4.0.4) lib/action_view/renderer/template_renderer.rb:17:in `render'
  actionpack (4.0.4) lib/action_view/renderer/renderer.rb:42:in `render_template'
  actionpack (4.0.4) lib/action_view/renderer/renderer.rb:23:in `render'
  actionpack (4.0.4) lib/abstract_controller/rendering.rb:127:in `_render_template'
  actionpack (4.0.4) lib/action_controller/metal/streaming.rb:219:in `_render_template'
  actionpack (4.0.4) lib/abstract_controller/rendering.rb:120:in `render_to_body'
  actionpack (4.0.4) lib/action_controller/metal/rendering.rb:33:in `render_to_body'
  actionpack (4.0.4) lib/action_controller/metal/renderers.rb:26:in `render_to_body'
  actionpack (4.0.4) lib/abstract_controller/rendering.rb:97:in `render'
  actionpack (4.0.4) lib/action_controller/metal/rendering.rb:16:in `render'
  actionpack (4.0.4) lib/action_controller/metal/instrumentation.rb:41:in `block (2 levels) in render'
  activesupport (4.0.4) lib/active_support/core_ext/benchmark.rb:12:in `block in ms'
  /home/jlefley/.rvm/rubies/ruby-2.0.0-p247/lib/ruby/2.0.0/benchmark.rb:296:in `realtime'
  activesupport (4.0.4) lib/active_support/core_ext/benchmark.rb:12:in `ms'
  actionpack (4.0.4) lib/action_controller/metal/instrumentation.rb:41:in `block in render'
  actionpack (4.0.4) lib/action_controller/metal/instrumentation.rb:84:in `cleanup_view_runtime'
  sequel-rails (0.9.2) lib/sequel_rails/railties/controller_runtime.rb:23:in `cleanup_view_runtime'
  actionpack (4.0.4) lib/action_controller/metal/instrumentation.rb:40:in `render'
  actionpack (4.0.4) lib/action_controller/metal/implicit_render.rb:10:in `default_render'
  actionpack (4.0.4) lib/action_controller/metal/implicit_render.rb:5:in `send_action'
  actionpack (4.0.4) lib/abstract_controller/base.rb:189:in `process_action'
  actionpack (4.0.4) lib/action_controller/metal/rendering.rb:10:in `process_action'
  actionpack (4.0.4) lib/abstract_controller/callbacks.rb:18:in `block in process_action'
  activesupport (4.0.4) lib/active_support/callbacks.rb:373:in `_run__3579639940403267230__process_action__callbacks'
  activesupport (4.0.4) lib/active_support/callbacks.rb:80:in `run_callbacks'
  actionpack (4.0.4) lib/abstract_controller/callbacks.rb:17:in `process_action'
  actionpack (4.0.4) lib/action_controller/metal/rescue.rb:29:in `process_action'
  actionpack (4.0.4) lib/action_controller/metal/instrumentation.rb:31:in `block in process_action'
  activesupport (4.0.4) lib/active_support/notifications.rb:159:in `block in instrument'
  activesupport (4.0.4) lib/active_support/notifications/instrumenter.rb:20:in `instrument'
  activesupport (4.0.4) lib/active_support/notifications.rb:159:in `instrument'
  actionpack (4.0.4) lib/action_controller/metal/instrumentation.rb:30:in `process_action'
  actionpack (4.0.4) lib/action_controller/metal/params_wrapper.rb:250:in `process_action'
  sequel-rails (0.9.2) lib/sequel_rails/railties/controller_runtime.rb:17:in `process_action'
  actionpack (4.0.4) lib/abstract_controller/base.rb:136:in `process'
  actionpack (4.0.4) lib/abstract_controller/rendering.rb:44:in `process'
  actionpack (4.0.4) lib/action_controller/metal.rb:195:in `dispatch'
  actionpack (4.0.4) lib/action_controller/metal/rack_delegation.rb:13:in `dispatch'
  actionpack (4.0.4) lib/action_controller/metal.rb:231:in `block in action'
  actionpack (4.0.4) lib/action_dispatch/routing/route_set.rb:80:in `call'
  actionpack (4.0.4) lib/action_dispatch/routing/route_set.rb:80:in `dispatch'
  actionpack (4.0.4) lib/action_dispatch/routing/route_set.rb:48:in `call'
  actionpack (4.0.4) lib/action_dispatch/journey/router.rb:71:in `block in call'
  actionpack (4.0.4) lib/action_dispatch/journey/router.rb:59:in `each'
  actionpack (4.0.4) lib/action_dispatch/journey/router.rb:59:in `call'
  actionpack (4.0.4) lib/action_dispatch/routing/route_set.rb:674:in `call'
  railties (4.0.4) lib/rails/engine.rb:511:in `call'
  railties (4.0.4) lib/rails/railtie/configurable.rb:30:in `method_missing'
  actionpack (4.0.4) lib/action_dispatch/journey/router.rb:71:in `block in call'
  actionpack (4.0.4) lib/action_dispatch/journey/router.rb:59:in `each'
  actionpack (4.0.4) lib/action_dispatch/journey/router.rb:59:in `call'
  actionpack (4.0.4) lib/action_dispatch/routing/route_set.rb:674:in `call'
  rack (1.5.2) lib/rack/etag.rb:23:in `call'
  rack (1.5.2) lib/rack/conditionalget.rb:25:in `call'
  rack (1.5.2) lib/rack/head.rb:11:in `call'
  actionpack (4.0.4) lib/action_dispatch/middleware/params_parser.rb:27:in `call'
  actionpack (4.0.4) lib/action_dispatch/middleware/flash.rb:241:in `call'
  rack (1.5.2) lib/rack/session/abstract/id.rb:225:in `context'
  rack (1.5.2) lib/rack/session/abstract/id.rb:220:in `call'
  actionpack (4.0.4) lib/action_dispatch/middleware/cookies.rb:486:in `call'
  actionpack (4.0.4) lib/action_dispatch/middleware/callbacks.rb:29:in `block in call'
  activesupport (4.0.4) lib/active_support/callbacks.rb:373:in `_run__3637436763487847635__call__callbacks'
  activesupport (4.0.4) lib/active_support/callbacks.rb:80:in `run_callbacks'
  actionpack (4.0.4) lib/action_dispatch/middleware/callbacks.rb:27:in `call'
  actionpack (4.0.4) lib/action_dispatch/middleware/reloader.rb:64:in `call'
  actionpack (4.0.4) lib/action_dispatch/middleware/remote_ip.rb:76:in `call'
  actionpack (4.0.4) lib/action_dispatch/middleware/debug_exceptions.rb:17:in `call'
  actionpack (4.0.4) lib/action_dispatch/middleware/show_exceptions.rb:30:in `call'
  railties (4.0.4) lib/rails/rack/logger.rb:38:in `call_app'
  railties (4.0.4) lib/rails/rack/logger.rb:20:in `block in call'
  activesupport (4.0.4) lib/active_support/tagged_logging.rb:68:in `block in tagged'
  activesupport (4.0.4) lib/active_support/tagged_logging.rb:26:in `tagged'
  activesupport (4.0.4) lib/active_support/tagged_logging.rb:68:in `tagged'
  railties (4.0.4) lib/rails/rack/logger.rb:20:in `call'
  actionpack (4.0.4) lib/action_dispatch/middleware/request_id.rb:21:in `call'
  rack (1.5.2) lib/rack/methodoverride.rb:21:in `call'
  rack (1.5.2) lib/rack/runtime.rb:17:in `call'
  activesupport (4.0.4) lib/active_support/cache/strategy/local_cache.rb:83:in `call'
  rack (1.5.2) lib/rack/lock.rb:17:in `call'
  actionpack (4.0.4) lib/action_dispatch/middleware/static.rb:64:in `call'
  rack (1.5.2) lib/rack/sendfile.rb:112:in `call'
  railties (4.0.4) lib/rails/engine.rb:511:in `call'
  railties (4.0.4) lib/rails/application.rb:97:in `call'
  rack (1.5.2) lib/rack/lock.rb:17:in `call'
  rack (1.5.2) lib/rack/content_length.rb:14:in `call'
  rack (1.5.2) lib/rack/handler/webrick.rb:60:in `service'
  /home/jlefley/.rvm/rubies/ruby-2.0.0-p247/lib/ruby/2.0.0/webrick/httpserver.rb:138:in `service'
  /home/jlefley/.rvm/rubies/ruby-2.0.0-p247/lib/ruby/2.0.0/webrick/httpserver.rb:94:in `run'
  /home/jlefley/.rvm/rubies/ruby-2.0.0-p247/lib/ruby/2.0.0/webrick/server.rb:295:in `block in start_thread'


  Rendered /home/jlefley/.rvm/gems/ruby-2.0.0-p247@rails3212/gems/actionpack-4.0.4/lib/action_dispatch/middleware/templates/rescues/_trace.erb (1.4ms)
  Rendered /home/jlefley/.rvm/gems/ruby-2.0.0-p247@rails3212/gems/actionpack-4.0.4/lib/action_dispatch/middleware/templates/rescues/_request_and_response.erb (1.5ms)
  Rendered /home/jlefley/.rvm/gems/ruby-2.0.0-p247@rails3212/gems/actionpack-4.0.4/lib/action_dispatch/middleware/templates/rescues/template_error.erb within rescues/layout (9.8ms)
  [1m[36mSequel::SQLite::Database (0.3ms)[0m  [1mPRAGMA foreign_keys = 1[0m
  [1m[35mSequel::SQLite::Database (0.0ms)[0m  PRAGMA case_sensitive_like = 1
  [1m[36mSequel::SQLite::Database (3.5ms)[0m  [1mATTACH DATABASE '/data/multimedia/musiclibrary.db' AS libdb[0m


Started GET "/library_albums" for 127.0.0.1 at 2014-03-31 17:16:54 -0700
Processing by Dabster::LibraryAlbumsController#index as HTML
  [1m[35mSequel::SQLite::Database (1.1ms)[0m  PRAGMA table_info('albums')
Completed 500 Internal Server Error in 8ms

LoadError (Unable to autoload constant Library::Album, expected /home/jlefley/development/music/dabster/app/models/library/album.rb to define it):
  activesupport (4.0.4) lib/active_support/dependencies.rb:464:in `load_missing_constant'
  activesupport (4.0.4) lib/active_support/dependencies.rb:184:in `const_missing'
  /home/jlefley/development/music/dabster/app/controllers/dabster/library_albums_controller.rb:16:in `index'
  actionpack (4.0.4) lib/action_controller/metal/implicit_render.rb:4:in `send_action'
  actionpack (4.0.4) lib/abstract_controller/base.rb:189:in `process_action'
  actionpack (4.0.4) lib/action_controller/metal/rendering.rb:10:in `process_action'
  actionpack (4.0.4) lib/abstract_controller/callbacks.rb:18:in `block in process_action'
  activesupport (4.0.4) lib/active_support/callbacks.rb:373:in `_run__1013542049716649014__process_action__callbacks'
  activesupport (4.0.4) lib/active_support/callbacks.rb:80:in `run_callbacks'
  actionpack (4.0.4) lib/abstract_controller/callbacks.rb:17:in `process_action'
  actionpack (4.0.4) lib/action_controller/metal/rescue.rb:29:in `process_action'
  actionpack (4.0.4) lib/action_controller/metal/instrumentation.rb:31:in `block in process_action'
  activesupport (4.0.4) lib/active_support/notifications.rb:159:in `block in instrument'
  activesupport (4.0.4) lib/active_support/notifications/instrumenter.rb:20:in `instrument'
  activesupport (4.0.4) lib/active_support/notifications.rb:159:in `instrument'
  actionpack (4.0.4) lib/action_controller/metal/instrumentation.rb:30:in `process_action'
  actionpack (4.0.4) lib/action_controller/metal/params_wrapper.rb:250:in `process_action'
  sequel-rails (0.9.2) lib/sequel_rails/railties/controller_runtime.rb:17:in `process_action'
  actionpack (4.0.4) lib/abstract_controller/base.rb:136:in `process'
  actionpack (4.0.4) lib/abstract_controller/rendering.rb:44:in `process'
  actionpack (4.0.4) lib/action_controller/metal.rb:195:in `dispatch'
  actionpack (4.0.4) lib/action_controller/metal/rack_delegation.rb:13:in `dispatch'
  actionpack (4.0.4) lib/action_controller/metal.rb:231:in `block in action'
  actionpack (4.0.4) lib/action_dispatch/routing/route_set.rb:80:in `call'
  actionpack (4.0.4) lib/action_dispatch/routing/route_set.rb:80:in `dispatch'
  actionpack (4.0.4) lib/action_dispatch/routing/route_set.rb:48:in `call'
  actionpack (4.0.4) lib/action_dispatch/journey/router.rb:71:in `block in call'
  actionpack (4.0.4) lib/action_dispatch/journey/router.rb:59:in `each'
  actionpack (4.0.4) lib/action_dispatch/journey/router.rb:59:in `call'
  actionpack (4.0.4) lib/action_dispatch/routing/route_set.rb:674:in `call'
  railties (4.0.4) lib/rails/engine.rb:511:in `call'
  railties (4.0.4) lib/rails/railtie/configurable.rb:30:in `method_missing'
  actionpack (4.0.4) lib/action_dispatch/journey/router.rb:71:in `block in call'
  actionpack (4.0.4) lib/action_dispatch/journey/router.rb:59:in `each'
  actionpack (4.0.4) lib/action_dispatch/journey/router.rb:59:in `call'
  actionpack (4.0.4) lib/action_dispatch/routing/route_set.rb:674:in `call'
  rack (1.5.2) lib/rack/etag.rb:23:in `call'
  rack (1.5.2) lib/rack/conditionalget.rb:25:in `call'
  rack (1.5.2) lib/rack/head.rb:11:in `call'
  actionpack (4.0.4) lib/action_dispatch/middleware/params_parser.rb:27:in `call'
  actionpack (4.0.4) lib/action_dispatch/middleware/flash.rb:241:in `call'
  rack (1.5.2) lib/rack/session/abstract/id.rb:225:in `context'
  rack (1.5.2) lib/rack/session/abstract/id.rb:220:in `call'
  actionpack (4.0.4) lib/action_dispatch/middleware/cookies.rb:486:in `call'
  actionpack (4.0.4) lib/action_dispatch/middleware/callbacks.rb:29:in `block in call'
  activesupport (4.0.4) lib/active_support/callbacks.rb:373:in `_run__1931642765518844908__call__callbacks'
  activesupport (4.0.4) lib/active_support/callbacks.rb:80:in `run_callbacks'
  actionpack (4.0.4) lib/action_dispatch/middleware/callbacks.rb:27:in `call'
  actionpack (4.0.4) lib/action_dispatch/middleware/reloader.rb:64:in `call'
  actionpack (4.0.4) lib/action_dispatch/middleware/remote_ip.rb:76:in `call'
  actionpack (4.0.4) lib/action_dispatch/middleware/debug_exceptions.rb:17:in `call'
  actionpack (4.0.4) lib/action_dispatch/middleware/show_exceptions.rb:30:in `call'
  railties (4.0.4) lib/rails/rack/logger.rb:38:in `call_app'
  railties (4.0.4) lib/rails/rack/logger.rb:20:in `block in call'
  activesupport (4.0.4) lib/active_support/tagged_logging.rb:68:in `block in tagged'
  activesupport (4.0.4) lib/active_support/tagged_logging.rb:26:in `tagged'
  activesupport (4.0.4) lib/active_support/tagged_logging.rb:68:in `tagged'
  railties (4.0.4) lib/rails/rack/logger.rb:20:in `call'
  actionpack (4.0.4) lib/action_dispatch/middleware/request_id.rb:21:in `call'
  rack (1.5.2) lib/rack/methodoverride.rb:21:in `call'
  rack (1.5.2) lib/rack/runtime.rb:17:in `call'
  activesupport (4.0.4) lib/active_support/cache/strategy/local_cache.rb:83:in `call'
  rack (1.5.2) lib/rack/lock.rb:17:in `call'
  actionpack (4.0.4) lib/action_dispatch/middleware/static.rb:64:in `call'
  rack (1.5.2) lib/rack/sendfile.rb:112:in `call'
  railties (4.0.4) lib/rails/engine.rb:511:in `call'
  railties (4.0.4) lib/rails/application.rb:97:in `call'
  rack (1.5.2) lib/rack/lock.rb:17:in `call'
  rack (1.5.2) lib/rack/content_length.rb:14:in `call'
  rack (1.5.2) lib/rack/handler/webrick.rb:60:in `service'
  /home/jlefley/.rvm/rubies/ruby-2.0.0-p247/lib/ruby/2.0.0/webrick/httpserver.rb:138:in `service'
  /home/jlefley/.rvm/rubies/ruby-2.0.0-p247/lib/ruby/2.0.0/webrick/httpserver.rb:94:in `run'
  /home/jlefley/.rvm/rubies/ruby-2.0.0-p247/lib/ruby/2.0.0/webrick/server.rb:295:in `block in start_thread'


  Rendered /home/jlefley/.rvm/gems/ruby-2.0.0-p247@rails3212/gems/actionpack-4.0.4/lib/action_dispatch/middleware/templates/rescues/_source.erb (0.5ms)
  Rendered /home/jlefley/.rvm/gems/ruby-2.0.0-p247@rails3212/gems/actionpack-4.0.4/lib/action_dispatch/middleware/templates/rescues/_trace.erb (1.2ms)
  Rendered /home/jlefley/.rvm/gems/ruby-2.0.0-p247@rails3212/gems/actionpack-4.0.4/lib/action_dispatch/middleware/templates/rescues/_request_and_response.erb (20.0ms)
  Rendered /home/jlefley/.rvm/gems/ruby-2.0.0-p247@rails3212/gems/actionpack-4.0.4/lib/action_dispatch/middleware/templates/rescues/diagnostics.erb within rescues/layout (31.1ms)


Started GET "/library_albums" for 127.0.0.1 at 2014-03-31 17:17:07 -0700
Processing by Dabster::LibraryAlbumsController#index as HTML
  [1m[36mSequel::SQLite::Database (406.6ms)[0m  [1mSELECT count(*) AS 'count' FROM `libdb`.`albums` LIMIT 1[0m
  [1m[35mSequel::SQLite::Database (22.0ms)[0m  SELECT * FROM `libdb`.`albums` ORDER BY `album` LIMIT 50 OFFSET 0
  Rendered /home/jlefley/development/music/dabster/app/views/dabster/library_albums/_library_album.html.erb (48.0ms)
  Rendered /home/jlefley/development/music/dabster/app/views/dabster/library_albums/index.html.erb within layouts/dabster/application (86.3ms)
Completed 200 OK in 510ms (Views: 79.4ms | Models: 428.7ms)


Started GET "/assets/dabster/application.css?body=1" for 127.0.0.1 at 2014-03-31 17:17:08 -0700


Started GET "/assets/dabster/application.js?body=1" for 127.0.0.1 at 2014-03-31 17:17:08 -0700


Started GET "/library_albums/643" for 127.0.0.1 at 2014-03-31 17:19:49 -0700
Processing by Dabster::LibraryAlbumsController#show as HTML
  Parameters: {"id"=>"643"}
  [1m[36mSequel::SQLite::Database (9.0ms)[0m  [1mSELECT * FROM `libdb`.`albums` WHERE (`id` = '643') LIMIT 1[0m
  [1m[35mSequel::SQLite::Database (1.3ms)[0m  PRAGMA table_info('items')
  [1m[36mSequel::SQLite::Database (0.1ms)[0m  [1mPRAGMA table_info('artist_library_item_relationships')[0m
  [1m[35mSequel::SQLite::Database (2.8ms)[0m  SELECT * FROM `artist_library_item_relationships` LIMIT 1
Completed 500 Internal Server Error in 29ms

LoadError (Unable to autoload constant ArtistLibraryItemRelationship, expected /home/jlefley/development/music/dabster/app/models/artist_library_item_relationship.rb to define it):
  activesupport (4.0.4) lib/active_support/dependencies.rb:464:in `load_missing_constant'
  activesupport (4.0.4) lib/active_support/dependencies.rb:184:in `const_missing'
  /home/jlefley/development/music/dabster/lib/sequel/plugins/categorized_relationship.rb:16:in `const_get'
  /home/jlefley/development/music/dabster/lib/sequel/plugins/categorized_relationship.rb:16:in `categorized_relationship'
  /home/jlefley/development/music/dabster/app/models/library/item.rb:6:in `<class:Item>'
  /home/jlefley/development/music/dabster/app/models/library/item.rb:3:in `<module:Library>'
  /home/jlefley/development/music/dabster/app/models/library/item.rb:2:in `<module:Dabster>'
  /home/jlefley/development/music/dabster/app/models/library/item.rb:1:in `<top (required)>'
  activesupport (4.0.4) lib/active_support/dependencies.rb:424:in `load'
  activesupport (4.0.4) lib/active_support/dependencies.rb:424:in `block in load_file'
  activesupport (4.0.4) lib/active_support/dependencies.rb:616:in `new_constants_in'
  activesupport (4.0.4) lib/active_support/dependencies.rb:423:in `load_file'
  activesupport (4.0.4) lib/active_support/dependencies.rb:324:in `require_or_load'
  activesupport (4.0.4) lib/active_support/dependencies.rb:463:in `load_missing_constant'
  activesupport (4.0.4) lib/active_support/dependencies.rb:184:in `const_missing'
  activesupport (4.0.4) lib/active_support/inflector/methods.rb:228:in `const_get'
  activesupport (4.0.4) lib/active_support/inflector/methods.rb:228:in `block in constantize'
  activesupport (4.0.4) lib/active_support/inflector/methods.rb:224:in `each'
  activesupport (4.0.4) lib/active_support/inflector/methods.rb:224:in `inject'
  activesupport (4.0.4) lib/active_support/inflector/methods.rb:224:in `constantize'
  activesupport (4.0.4) lib/active_support/core_ext/string/inflections.rb:66:in `constantize'
  sequel (4.8.0) lib/sequel/model/inflections.rb:123:in `constantize'
  sequel (4.8.0) lib/sequel/model/associations.rb:53:in `block in associated_class'
  sequel (4.8.0) lib/sequel/model/associations.rb:417:in `block (2 levels) in cached_fetch'
  sequel (4.8.0) lib/sequel/model/associations.rb:417:in `fetch'
  sequel (4.8.0) lib/sequel/model/associations.rb:417:in `block in cached_fetch'
  sequel (4.8.0) lib/sequel/model/associations.rb:415:in `fetch'
  sequel (4.8.0) lib/sequel/model/associations.rb:415:in `cached_fetch'
  sequel (4.8.0) lib/sequel/model/associations.rb:53:in `associated_class'
  sequel (4.8.0) lib/sequel/model/associations.rb:59:in `block in associated_dataset'
  sequel (4.8.0) lib/sequel/model/associations.rb:417:in `block (2 levels) in cached_fetch'
  sequel (4.8.0) lib/sequel/model/associations.rb:417:in `fetch'
  sequel (4.8.0) lib/sequel/model/associations.rb:417:in `block in cached_fetch'
  sequel (4.8.0) lib/sequel/model/associations.rb:415:in `fetch'
  sequel (4.8.0) lib/sequel/model/associations.rb:415:in `cached_fetch'
  sequel (4.8.0) lib/sequel/model/associations.rb:59:in `associated_dataset'
  sequel (4.8.0) lib/sequel/model/associations.rb:1636:in `block in def_one_to_many'
  sequel (4.8.0) lib/sequel/model/associations.rb:1805:in `instance_exec'
  sequel (4.8.0) lib/sequel/model/associations.rb:1805:in `_dataset'
  sequel (4.8.0) lib/sequel/model/associations.rb:1422:in `block in def_association_dataset_methods'
  /home/jlefley/development/music/dabster/app/models/library/album.rb:8:in `ordered_library_items'
  /home/jlefley/development/music/dabster/app/controllers/dabster/library_albums_controller.rb:6:in `show'
  actionpack (4.0.4) lib/action_controller/metal/implicit_render.rb:4:in `send_action'
  actionpack (4.0.4) lib/abstract_controller/base.rb:189:in `process_action'
  actionpack (4.0.4) lib/action_controller/metal/rendering.rb:10:in `process_action'
  actionpack (4.0.4) lib/abstract_controller/callbacks.rb:18:in `block in process_action'
  activesupport (4.0.4) lib/active_support/callbacks.rb:373:in `_run__1013542049716649014__process_action__callbacks'
  activesupport (4.0.4) lib/active_support/callbacks.rb:80:in `run_callbacks'
  actionpack (4.0.4) lib/abstract_controller/callbacks.rb:17:in `process_action'
  actionpack (4.0.4) lib/action_controller/metal/rescue.rb:29:in `process_action'
  actionpack (4.0.4) lib/action_controller/metal/instrumentation.rb:31:in `block in process_action'
  activesupport (4.0.4) lib/active_support/notifications.rb:159:in `block in instrument'
  activesupport (4.0.4) lib/active_support/notifications/instrumenter.rb:20:in `instrument'
  activesupport (4.0.4) lib/active_support/notifications.rb:159:in `instrument'
  actionpack (4.0.4) lib/action_controller/metal/instrumentation.rb:30:in `process_action'
  actionpack (4.0.4) lib/action_controller/metal/params_wrapper.rb:250:in `process_action'
  sequel-rails (0.9.2) lib/sequel_rails/railties/controller_runtime.rb:17:in `process_action'
  actionpack (4.0.4) lib/abstract_controller/base.rb:136:in `process'
  actionpack (4.0.4) lib/abstract_controller/rendering.rb:44:in `process'
  actionpack (4.0.4) lib/action_controller/metal.rb:195:in `dispatch'
  actionpack (4.0.4) lib/action_controller/metal/rack_delegation.rb:13:in `dispatch'
  actionpack (4.0.4) lib/action_controller/metal.rb:231:in `block in action'
  actionpack (4.0.4) lib/action_dispatch/routing/route_set.rb:80:in `call'
  actionpack (4.0.4) lib/action_dispatch/routing/route_set.rb:80:in `dispatch'
  actionpack (4.0.4) lib/action_dispatch/routing/route_set.rb:48:in `call'
  actionpack (4.0.4) lib/action_dispatch/journey/router.rb:71:in `block in call'
  actionpack (4.0.4) lib/action_dispatch/journey/router.rb:59:in `each'
  actionpack (4.0.4) lib/action_dispatch/journey/router.rb:59:in `call'
  actionpack (4.0.4) lib/action_dispatch/routing/route_set.rb:674:in `call'
  railties (4.0.4) lib/rails/engine.rb:511:in `call'
  railties (4.0.4) lib/rails/railtie/configurable.rb:30:in `method_missing'
  actionpack (4.0.4) lib/action_dispatch/journey/router.rb:71:in `block in call'
  actionpack (4.0.4) lib/action_dispatch/journey/router.rb:59:in `each'
  actionpack (4.0.4) lib/action_dispatch/journey/router.rb:59:in `call'
  actionpack (4.0.4) lib/action_dispatch/routing/route_set.rb:674:in `call'
  rack (1.5.2) lib/rack/etag.rb:23:in `call'
  rack (1.5.2) lib/rack/conditionalget.rb:25:in `call'
  rack (1.5.2) lib/rack/head.rb:11:in `call'
  actionpack (4.0.4) lib/action_dispatch/middleware/params_parser.rb:27:in `call'
  actionpack (4.0.4) lib/action_dispatch/middleware/flash.rb:241:in `call'
  rack (1.5.2) lib/rack/session/abstract/id.rb:225:in `context'
  rack (1.5.2) lib/rack/session/abstract/id.rb:220:in `call'
  actionpack (4.0.4) lib/action_dispatch/middleware/cookies.rb:486:in `call'
  actionpack (4.0.4) lib/action_dispatch/middleware/callbacks.rb:29:in `block in call'
  activesupport (4.0.4) lib/active_support/callbacks.rb:373:in `_run__1931642765518844908__call__callbacks'
  activesupport (4.0.4) lib/active_support/callbacks.rb:80:in `run_callbacks'
  actionpack (4.0.4) lib/action_dispatch/middleware/callbacks.rb:27:in `call'
  actionpack (4.0.4) lib/action_dispatch/middleware/reloader.rb:64:in `call'
  actionpack (4.0.4) lib/action_dispatch/middleware/remote_ip.rb:76:in `call'
  actionpack (4.0.4) lib/action_dispatch/middleware/debug_exceptions.rb:17:in `call'
  actionpack (4.0.4) lib/action_dispatch/middleware/show_exceptions.rb:30:in `call'
  railties (4.0.4) lib/rails/rack/logger.rb:38:in `call_app'
  railties (4.0.4) lib/rails/rack/logger.rb:20:in `block in call'
  activesupport (4.0.4) lib/active_support/tagged_logging.rb:68:in `block in tagged'
  activesupport (4.0.4) lib/active_support/tagged_logging.rb:26:in `tagged'
  activesupport (4.0.4) lib/active_support/tagged_logging.rb:68:in `tagged'
  railties (4.0.4) lib/rails/rack/logger.rb:20:in `call'
  actionpack (4.0.4) lib/action_dispatch/middleware/request_id.rb:21:in `call'
  rack (1.5.2) lib/rack/methodoverride.rb:21:in `call'
  rack (1.5.2) lib/rack/runtime.rb:17:in `call'
  activesupport (4.0.4) lib/active_support/cache/strategy/local_cache.rb:83:in `call'
  rack (1.5.2) lib/rack/lock.rb:17:in `call'
  actionpack (4.0.4) lib/action_dispatch/middleware/static.rb:64:in `call'
  rack (1.5.2) lib/rack/sendfile.rb:112:in `call'
  railties (4.0.4) lib/rails/engine.rb:511:in `call'
  railties (4.0.4) lib/rails/application.rb:97:in `call'
  rack (1.5.2) lib/rack/lock.rb:17:in `call'
  rack (1.5.2) lib/rack/content_length.rb:14:in `call'
  rack (1.5.2) lib/rack/handler/webrick.rb:60:in `service'
  /home/jlefley/.rvm/rubies/ruby-2.0.0-p247/lib/ruby/2.0.0/webrick/httpserver.rb:138:in `service'
  /home/jlefley/.rvm/rubies/ruby-2.0.0-p247/lib/ruby/2.0.0/webrick/httpserver.rb:94:in `run'
  /home/jlefley/.rvm/rubies/ruby-2.0.0-p247/lib/ruby/2.0.0/webrick/server.rb:295:in `block in start_thread'


  Rendered /home/jlefley/.rvm/gems/ruby-2.0.0-p247@rails3212/gems/actionpack-4.0.4/lib/action_dispatch/middleware/templates/rescues/_source.erb (0.7ms)
  Rendered /home/jlefley/.rvm/gems/ruby-2.0.0-p247@rails3212/gems/actionpack-4.0.4/lib/action_dispatch/middleware/templates/rescues/_trace.erb (1.4ms)
  Rendered /home/jlefley/.rvm/gems/ruby-2.0.0-p247@rails3212/gems/actionpack-4.0.4/lib/action_dispatch/middleware/templates/rescues/_request_and_response.erb (1.5ms)
  Rendered /home/jlefley/.rvm/gems/ruby-2.0.0-p247@rails3212/gems/actionpack-4.0.4/lib/action_dispatch/middleware/templates/rescues/diagnostics.erb within rescues/layout (13.4ms)


Started GET "/library_albums/643" for 127.0.0.1 at 2014-03-31 17:20:48 -0700
Processing by Dabster::LibraryAlbumsController#show as HTML
  Parameters: {"id"=>"643"}
  [1m[36mSequel::SQLite::Database (4.4ms)[0m  [1mSELECT * FROM `libdb`.`albums` WHERE (`id` = '643') LIMIT 1[0m
Completed 500 Internal Server Error in 8ms

NameError (uninitialized constant Library::Item):
  activesupport (4.0.4) lib/active_support/inflector/methods.rb:228:in `const_get'
  activesupport (4.0.4) lib/active_support/inflector/methods.rb:228:in `block in constantize'
  activesupport (4.0.4) lib/active_support/inflector/methods.rb:224:in `each'
  activesupport (4.0.4) lib/active_support/inflector/methods.rb:224:in `inject'
  activesupport (4.0.4) lib/active_support/inflector/methods.rb:224:in `constantize'
  activesupport (4.0.4) lib/active_support/core_ext/string/inflections.rb:66:in `constantize'
  sequel (4.8.0) lib/sequel/model/inflections.rb:123:in `constantize'
  sequel (4.8.0) lib/sequel/model/associations.rb:53:in `block in associated_class'
  sequel (4.8.0) lib/sequel/model/associations.rb:417:in `block (2 levels) in cached_fetch'
  sequel (4.8.0) lib/sequel/model/associations.rb:417:in `fetch'
  sequel (4.8.0) lib/sequel/model/associations.rb:417:in `block in cached_fetch'
  sequel (4.8.0) lib/sequel/model/associations.rb:415:in `fetch'
  sequel (4.8.0) lib/sequel/model/associations.rb:415:in `cached_fetch'
  sequel (4.8.0) lib/sequel/model/associations.rb:53:in `associated_class'
  sequel (4.8.0) lib/sequel/model/associations.rb:59:in `block in associated_dataset'
  sequel (4.8.0) lib/sequel/model/associations.rb:417:in `block (2 levels) in cached_fetch'
  sequel (4.8.0) lib/sequel/model/associations.rb:417:in `fetch'
  sequel (4.8.0) lib/sequel/model/associations.rb:417:in `block in cached_fetch'
  sequel (4.8.0) lib/sequel/model/associations.rb:415:in `fetch'
  sequel (4.8.0) lib/sequel/model/associations.rb:415:in `cached_fetch'
  sequel (4.8.0) lib/sequel/model/associations.rb:59:in `associated_dataset'
  sequel (4.8.0) lib/sequel/model/associations.rb:1636:in `block in def_one_to_many'
  sequel (4.8.0) lib/sequel/model/associations.rb:1805:in `instance_exec'
  sequel (4.8.0) lib/sequel/model/associations.rb:1805:in `_dataset'
  sequel (4.8.0) lib/sequel/model/associations.rb:1422:in `block in def_association_dataset_methods'
  /home/jlefley/development/music/dabster/app/models/library/album.rb:8:in `ordered_library_items'
  /home/jlefley/development/music/dabster/app/controllers/dabster/library_albums_controller.rb:6:in `show'
  actionpack (4.0.4) lib/action_controller/metal/implicit_render.rb:4:in `send_action'
  actionpack (4.0.4) lib/abstract_controller/base.rb:189:in `process_action'
  actionpack (4.0.4) lib/action_controller/metal/rendering.rb:10:in `process_action'
  actionpack (4.0.4) lib/abstract_controller/callbacks.rb:18:in `block in process_action'
  activesupport (4.0.4) lib/active_support/callbacks.rb:373:in `_run__1013542049716649014__process_action__callbacks'
  activesupport (4.0.4) lib/active_support/callbacks.rb:80:in `run_callbacks'
  actionpack (4.0.4) lib/abstract_controller/callbacks.rb:17:in `process_action'
  actionpack (4.0.4) lib/action_controller/metal/rescue.rb:29:in `process_action'
  actionpack (4.0.4) lib/action_controller/metal/instrumentation.rb:31:in `block in process_action'
  activesupport (4.0.4) lib/active_support/notifications.rb:159:in `block in instrument'
  activesupport (4.0.4) lib/active_support/notifications/instrumenter.rb:20:in `instrument'
  activesupport (4.0.4) lib/active_support/notifications.rb:159:in `instrument'
  actionpack (4.0.4) lib/action_controller/metal/instrumentation.rb:30:in `process_action'
  actionpack (4.0.4) lib/action_controller/metal/params_wrapper.rb:250:in `process_action'
  sequel-rails (0.9.2) lib/sequel_rails/railties/controller_runtime.rb:17:in `process_action'
  actionpack (4.0.4) lib/abstract_controller/base.rb:136:in `process'
  actionpack (4.0.4) lib/abstract_controller/rendering.rb:44:in `process'
  actionpack (4.0.4) lib/action_controller/metal.rb:195:in `dispatch'
  actionpack (4.0.4) lib/action_controller/metal/rack_delegation.rb:13:in `dispatch'
  actionpack (4.0.4) lib/action_controller/metal.rb:231:in `block in action'
  actionpack (4.0.4) lib/action_dispatch/routing/route_set.rb:80:in `call'
  actionpack (4.0.4) lib/action_dispatch/routing/route_set.rb:80:in `dispatch'
  actionpack (4.0.4) lib/action_dispatch/routing/route_set.rb:48:in `call'
  actionpack (4.0.4) lib/action_dispatch/journey/router.rb:71:in `block in call'
  actionpack (4.0.4) lib/action_dispatch/journey/router.rb:59:in `each'
  actionpack (4.0.4) lib/action_dispatch/journey/router.rb:59:in `call'
  actionpack (4.0.4) lib/action_dispatch/routing/route_set.rb:674:in `call'
  railties (4.0.4) lib/rails/engine.rb:511:in `call'
  railties (4.0.4) lib/rails/railtie/configurable.rb:30:in `method_missing'
  actionpack (4.0.4) lib/action_dispatch/journey/router.rb:71:in `block in call'
  actionpack (4.0.4) lib/action_dispatch/journey/router.rb:59:in `each'
  actionpack (4.0.4) lib/action_dispatch/journey/router.rb:59:in `call'
  actionpack (4.0.4) lib/action_dispatch/routing/route_set.rb:674:in `call'
  rack (1.5.2) lib/rack/etag.rb:23:in `call'
  rack (1.5.2) lib/rack/conditionalget.rb:25:in `call'
  rack (1.5.2) lib/rack/head.rb:11:in `call'
  actionpack (4.0.4) lib/action_dispatch/middleware/params_parser.rb:27:in `call'
  actionpack (4.0.4) lib/action_dispatch/middleware/flash.rb:241:in `call'
  rack (1.5.2) lib/rack/session/abstract/id.rb:225:in `context'
  rack (1.5.2) lib/rack/session/abstract/id.rb:220:in `call'
  actionpack (4.0.4) lib/action_dispatch/middleware/cookies.rb:486:in `call'
  actionpack (4.0.4) lib/action_dispatch/middleware/callbacks.rb:29:in `block in call'
  activesupport (4.0.4) lib/active_support/callbacks.rb:373:in `_run__1931642765518844908__call__callbacks'
  activesupport (4.0.4) lib/active_support/callbacks.rb:80:in `run_callbacks'
  actionpack (4.0.4) lib/action_dispatch/middleware/callbacks.rb:27:in `call'
  actionpack (4.0.4) lib/action_dispatch/middleware/reloader.rb:64:in `call'
  actionpack (4.0.4) lib/action_dispatch/middleware/remote_ip.rb:76:in `call'
  actionpack (4.0.4) lib/action_dispatch/middleware/debug_exceptions.rb:17:in `call'
  actionpack (4.0.4) lib/action_dispatch/middleware/show_exceptions.rb:30:in `call'
  railties (4.0.4) lib/rails/rack/logger.rb:38:in `call_app'
  railties (4.0.4) lib/rails/rack/logger.rb:20:in `block in call'
  activesupport (4.0.4) lib/active_support/tagged_logging.rb:68:in `block in tagged'
  activesupport (4.0.4) lib/active_support/tagged_logging.rb:26:in `tagged'
  activesupport (4.0.4) lib/active_support/tagged_logging.rb:68:in `tagged'
  railties (4.0.4) lib/rails/rack/logger.rb:20:in `call'
  actionpack (4.0.4) lib/action_dispatch/middleware/request_id.rb:21:in `call'
  rack (1.5.2) lib/rack/methodoverride.rb:21:in `call'
  rack (1.5.2) lib/rack/runtime.rb:17:in `call'
  activesupport (4.0.4) lib/active_support/cache/strategy/local_cache.rb:83:in `call'
  rack (1.5.2) lib/rack/lock.rb:17:in `call'
  actionpack (4.0.4) lib/action_dispatch/middleware/static.rb:64:in `call'
  rack (1.5.2) lib/rack/sendfile.rb:112:in `call'
  railties (4.0.4) lib/rails/engine.rb:511:in `call'
  railties (4.0.4) lib/rails/application.rb:97:in `call'
  rack (1.5.2) lib/rack/lock.rb:17:in `call'
  rack (1.5.2) lib/rack/content_length.rb:14:in `call'
  rack (1.5.2) lib/rack/handler/webrick.rb:60:in `service'
  /home/jlefley/.rvm/rubies/ruby-2.0.0-p247/lib/ruby/2.0.0/webrick/httpserver.rb:138:in `service'
  /home/jlefley/.rvm/rubies/ruby-2.0.0-p247/lib/ruby/2.0.0/webrick/httpserver.rb:94:in `run'
  /home/jlefley/.rvm/rubies/ruby-2.0.0-p247/lib/ruby/2.0.0/webrick/server.rb:295:in `block in start_thread'


  Rendered /home/jlefley/.rvm/gems/ruby-2.0.0-p247@rails3212/gems/actionpack-4.0.4/lib/action_dispatch/middleware/templates/rescues/_source.erb (0.6ms)
  Rendered /home/jlefley/.rvm/gems/ruby-2.0.0-p247@rails3212/gems/actionpack-4.0.4/lib/action_dispatch/middleware/templates/rescues/_trace.erb (1.3ms)
  Rendered /home/jlefley/.rvm/gems/ruby-2.0.0-p247@rails3212/gems/actionpack-4.0.4/lib/action_dispatch/middleware/templates/rescues/_request_and_response.erb (1.3ms)
  Rendered /home/jlefley/.rvm/gems/ruby-2.0.0-p247@rails3212/gems/actionpack-4.0.4/lib/action_dispatch/middleware/templates/rescues/diagnostics.erb within rescues/layout (12.2ms)


Started GET "/library_albums/" for 127.0.0.1 at 2014-03-31 17:21:10 -0700
Processing by Dabster::LibraryAlbumsController#index as HTML
  [1m[35mSequel::SQLite::Database (3.4ms)[0m  SELECT count(*) AS 'count' FROM `libdb`.`albums` LIMIT 1
  [1m[36mSequel::SQLite::Database (22.8ms)[0m  [1mSELECT * FROM `libdb`.`albums` ORDER BY `album` LIMIT 50 OFFSET 0[0m
  Rendered /home/jlefley/development/music/dabster/app/views/dabster/library_albums/_library_album.html.erb (11.9ms)
  Rendered /home/jlefley/development/music/dabster/app/views/dabster/library_albums/index.html.erb within layouts/dabster/application (40.3ms)
Completed 200 OK in 49ms (Views: 22.0ms | Models: 26.2ms)


Started GET "/assets/dabster/application.css?body=1" for 127.0.0.1 at 2014-03-31 17:21:10 -0700


Started GET "/assets/dabster/application.js?body=1" for 127.0.0.1 at 2014-03-31 17:21:10 -0700


Started GET "/library_albums/643" for 127.0.0.1 at 2014-03-31 17:21:39 -0700
Processing by Dabster::LibraryAlbumsController#show as HTML
  Parameters: {"id"=>"643"}
  [1m[35mSequel::SQLite::Database (3.7ms)[0m  SELECT * FROM `libdb`.`albums` WHERE (`id` = '643') LIMIT 1
Completed 500 Internal Server Error in 7ms

NameError (uninitialized constant Library):
  activesupport (4.0.4) lib/active_support/inflector/methods.rb:226:in `const_get'
  activesupport (4.0.4) lib/active_support/inflector/methods.rb:226:in `block in constantize'
  activesupport (4.0.4) lib/active_support/inflector/methods.rb:224:in `each'
  activesupport (4.0.4) lib/active_support/inflector/methods.rb:224:in `inject'
  activesupport (4.0.4) lib/active_support/inflector/methods.rb:224:in `constantize'
  activesupport (4.0.4) lib/active_support/core_ext/string/inflections.rb:66:in `constantize'
  sequel (4.8.0) lib/sequel/model/inflections.rb:123:in `constantize'
  sequel (4.8.0) lib/sequel/model/associations.rb:53:in `block in associated_class'
  sequel (4.8.0) lib/sequel/model/associations.rb:417:in `block (2 levels) in cached_fetch'
  sequel (4.8.0) lib/sequel/model/associations.rb:417:in `fetch'
  sequel (4.8.0) lib/sequel/model/associations.rb:417:in `block in cached_fetch'
  sequel (4.8.0) lib/sequel/model/associations.rb:415:in `fetch'
  sequel (4.8.0) lib/sequel/model/associations.rb:415:in `cached_fetch'
  sequel (4.8.0) lib/sequel/model/associations.rb:53:in `associated_class'
  sequel (4.8.0) lib/sequel/model/associations.rb:59:in `block in associated_dataset'
  sequel (4.8.0) lib/sequel/model/associations.rb:417:in `block (2 levels) in cached_fetch'
  sequel (4.8.0) lib/sequel/model/associations.rb:417:in `fetch'
  sequel (4.8.0) lib/sequel/model/associations.rb:417:in `block in cached_fetch'
  sequel (4.8.0) lib/sequel/model/associations.rb:415:in `fetch'
  sequel (4.8.0) lib/sequel/model/associations.rb:415:in `cached_fetch'
  sequel (4.8.0) lib/sequel/model/associations.rb:59:in `associated_dataset'
  sequel (4.8.0) lib/sequel/model/associations.rb:1636:in `block in def_one_to_many'
  sequel (4.8.0) lib/sequel/model/associations.rb:1805:in `instance_exec'
  sequel (4.8.0) lib/sequel/model/associations.rb:1805:in `_dataset'
  sequel (4.8.0) lib/sequel/model/associations.rb:1422:in `block in def_association_dataset_methods'
  /home/jlefley/development/music/dabster/app/models/library/album.rb:8:in `ordered_library_items'
  /home/jlefley/development/music/dabster/app/controllers/dabster/library_albums_controller.rb:6:in `show'
  actionpack (4.0.4) lib/action_controller/metal/implicit_render.rb:4:in `send_action'
  actionpack (4.0.4) lib/abstract_controller/base.rb:189:in `process_action'
  actionpack (4.0.4) lib/action_controller/metal/rendering.rb:10:in `process_action'
  actionpack (4.0.4) lib/abstract_controller/callbacks.rb:18:in `block in process_action'
  activesupport (4.0.4) lib/active_support/callbacks.rb:373:in `_run__1013542049716649014__process_action__callbacks'
  activesupport (4.0.4) lib/active_support/callbacks.rb:80:in `run_callbacks'
  actionpack (4.0.4) lib/abstract_controller/callbacks.rb:17:in `process_action'
  actionpack (4.0.4) lib/action_controller/metal/rescue.rb:29:in `process_action'
  actionpack (4.0.4) lib/action_controller/metal/instrumentation.rb:31:in `block in process_action'
  activesupport (4.0.4) lib/active_support/notifications.rb:159:in `block in instrument'
  activesupport (4.0.4) lib/active_support/notifications/instrumenter.rb:20:in `instrument'
  activesupport (4.0.4) lib/active_support/notifications.rb:159:in `instrument'
  actionpack (4.0.4) lib/action_controller/metal/instrumentation.rb:30:in `process_action'
  actionpack (4.0.4) lib/action_controller/metal/params_wrapper.rb:250:in `process_action'
  sequel-rails (0.9.2) lib/sequel_rails/railties/controller_runtime.rb:17:in `process_action'
  actionpack (4.0.4) lib/abstract_controller/base.rb:136:in `process'
  actionpack (4.0.4) lib/abstract_controller/rendering.rb:44:in `process'
  actionpack (4.0.4) lib/action_controller/metal.rb:195:in `dispatch'
  actionpack (4.0.4) lib/action_controller/metal/rack_delegation.rb:13:in `dispatch'
  actionpack (4.0.4) lib/action_controller/metal.rb:231:in `block in action'
  actionpack (4.0.4) lib/action_dispatch/routing/route_set.rb:80:in `call'
  actionpack (4.0.4) lib/action_dispatch/routing/route_set.rb:80:in `dispatch'
  actionpack (4.0.4) lib/action_dispatch/routing/route_set.rb:48:in `call'
  actionpack (4.0.4) lib/action_dispatch/journey/router.rb:71:in `block in call'
  actionpack (4.0.4) lib/action_dispatch/journey/router.rb:59:in `each'
  actionpack (4.0.4) lib/action_dispatch/journey/router.rb:59:in `call'
  actionpack (4.0.4) lib/action_dispatch/routing/route_set.rb:674:in `call'
  railties (4.0.4) lib/rails/engine.rb:511:in `call'
  railties (4.0.4) lib/rails/railtie/configurable.rb:30:in `method_missing'
  actionpack (4.0.4) lib/action_dispatch/journey/router.rb:71:in `block in call'
  actionpack (4.0.4) lib/action_dispatch/journey/router.rb:59:in `each'
  actionpack (4.0.4) lib/action_dispatch/journey/router.rb:59:in `call'
  actionpack (4.0.4) lib/action_dispatch/routing/route_set.rb:674:in `call'
  rack (1.5.2) lib/rack/etag.rb:23:in `call'
  rack (1.5.2) lib/rack/conditionalget.rb:25:in `call'
  rack (1.5.2) lib/rack/head.rb:11:in `call'
  actionpack (4.0.4) lib/action_dispatch/middleware/params_parser.rb:27:in `call'
  actionpack (4.0.4) lib/action_dispatch/middleware/flash.rb:241:in `call'
  rack (1.5.2) lib/rack/session/abstract/id.rb:225:in `context'
  rack (1.5.2) lib/rack/session/abstract/id.rb:220:in `call'
  actionpack (4.0.4) lib/action_dispatch/middleware/cookies.rb:486:in `call'
  actionpack (4.0.4) lib/action_dispatch/middleware/callbacks.rb:29:in `block in call'
  activesupport (4.0.4) lib/active_support/callbacks.rb:373:in `_run__1931642765518844908__call__callbacks'
  activesupport (4.0.4) lib/active_support/callbacks.rb:80:in `run_callbacks'
  actionpack (4.0.4) lib/action_dispatch/middleware/callbacks.rb:27:in `call'
  actionpack (4.0.4) lib/action_dispatch/middleware/reloader.rb:64:in `call'
  actionpack (4.0.4) lib/action_dispatch/middleware/remote_ip.rb:76:in `call'
  actionpack (4.0.4) lib/action_dispatch/middleware/debug_exceptions.rb:17:in `call'
  actionpack (4.0.4) lib/action_dispatch/middleware/show_exceptions.rb:30:in `call'
  railties (4.0.4) lib/rails/rack/logger.rb:38:in `call_app'
  railties (4.0.4) lib/rails/rack/logger.rb:20:in `block in call'
  activesupport (4.0.4) lib/active_support/tagged_logging.rb:68:in `block in tagged'
  activesupport (4.0.4) lib/active_support/tagged_logging.rb:26:in `tagged'
  activesupport (4.0.4) lib/active_support/tagged_logging.rb:68:in `tagged'
  railties (4.0.4) lib/rails/rack/logger.rb:20:in `call'
  actionpack (4.0.4) lib/action_dispatch/middleware/request_id.rb:21:in `call'
  rack (1.5.2) lib/rack/methodoverride.rb:21:in `call'
  rack (1.5.2) lib/rack/runtime.rb:17:in `call'
  activesupport (4.0.4) lib/active_support/cache/strategy/local_cache.rb:83:in `call'
  rack (1.5.2) lib/rack/lock.rb:17:in `call'
  actionpack (4.0.4) lib/action_dispatch/middleware/static.rb:64:in `call'
  rack (1.5.2) lib/rack/sendfile.rb:112:in `call'
  railties (4.0.4) lib/rails/engine.rb:511:in `call'
  railties (4.0.4) lib/rails/application.rb:97:in `call'
  rack (1.5.2) lib/rack/lock.rb:17:in `call'
  rack (1.5.2) lib/rack/content_length.rb:14:in `call'
  rack (1.5.2) lib/rack/handler/webrick.rb:60:in `service'
  /home/jlefley/.rvm/rubies/ruby-2.0.0-p247/lib/ruby/2.0.0/webrick/httpserver.rb:138:in `service'
  /home/jlefley/.rvm/rubies/ruby-2.0.0-p247/lib/ruby/2.0.0/webrick/httpserver.rb:94:in `run'
  /home/jlefley/.rvm/rubies/ruby-2.0.0-p247/lib/ruby/2.0.0/webrick/server.rb:295:in `block in start_thread'


  Rendered /home/jlefley/.rvm/gems/ruby-2.0.0-p247@rails3212/gems/actionpack-4.0.4/lib/action_dispatch/middleware/templates/rescues/_source.erb (0.5ms)
  Rendered /home/jlefley/.rvm/gems/ruby-2.0.0-p247@rails3212/gems/actionpack-4.0.4/lib/action_dispatch/middleware/templates/rescues/_trace.erb (1.3ms)
  Rendered /home/jlefley/.rvm/gems/ruby-2.0.0-p247@rails3212/gems/actionpack-4.0.4/lib/action_dispatch/middleware/templates/rescues/_request_and_response.erb (1.5ms)
  Rendered /home/jlefley/.rvm/gems/ruby-2.0.0-p247@rails3212/gems/actionpack-4.0.4/lib/action_dispatch/middleware/templates/rescues/diagnostics.erb within rescues/layout (12.4ms)


Started GET "/library_albums/643" for 127.0.0.1 at 2014-03-31 17:22:13 -0700
Processing by Dabster::LibraryAlbumsController#show as HTML
  Parameters: {"id"=>"643"}
  [1m[36mSequel::SQLite::Database (33.9ms)[0m  [1mSELECT * FROM `libdb`.`albums` WHERE (`id` = '643') LIMIT 1[0m
Completed 500 Internal Server Error in 37ms

NameError (uninitialized constant Library):
  activesupport (4.0.4) lib/active_support/inflector/methods.rb:226:in `const_get'
  activesupport (4.0.4) lib/active_support/inflector/methods.rb:226:in `block in constantize'
  activesupport (4.0.4) lib/active_support/inflector/methods.rb:224:in `each'
  activesupport (4.0.4) lib/active_support/inflector/methods.rb:224:in `inject'
  activesupport (4.0.4) lib/active_support/inflector/methods.rb:224:in `constantize'
  activesupport (4.0.4) lib/active_support/core_ext/string/inflections.rb:66:in `constantize'
  sequel (4.8.0) lib/sequel/model/inflections.rb:123:in `constantize'
  sequel (4.8.0) lib/sequel/model/associations.rb:53:in `block in associated_class'
  sequel (4.8.0) lib/sequel/model/associations.rb:417:in `block (2 levels) in cached_fetch'
  sequel (4.8.0) lib/sequel/model/associations.rb:417:in `fetch'
  sequel (4.8.0) lib/sequel/model/associations.rb:417:in `block in cached_fetch'
  sequel (4.8.0) lib/sequel/model/associations.rb:415:in `fetch'
  sequel (4.8.0) lib/sequel/model/associations.rb:415:in `cached_fetch'
  sequel (4.8.0) lib/sequel/model/associations.rb:53:in `associated_class'
  sequel (4.8.0) lib/sequel/model/associations.rb:59:in `block in associated_dataset'
  sequel (4.8.0) lib/sequel/model/associations.rb:417:in `block (2 levels) in cached_fetch'
  sequel (4.8.0) lib/sequel/model/associations.rb:417:in `fetch'
  sequel (4.8.0) lib/sequel/model/associations.rb:417:in `block in cached_fetch'
  sequel (4.8.0) lib/sequel/model/associations.rb:415:in `fetch'
  sequel (4.8.0) lib/sequel/model/associations.rb:415:in `cached_fetch'
  sequel (4.8.0) lib/sequel/model/associations.rb:59:in `associated_dataset'
  sequel (4.8.0) lib/sequel/model/associations.rb:1636:in `block in def_one_to_many'
  sequel (4.8.0) lib/sequel/model/associations.rb:1805:in `instance_exec'
  sequel (4.8.0) lib/sequel/model/associations.rb:1805:in `_dataset'
  sequel (4.8.0) lib/sequel/model/associations.rb:1422:in `block in def_association_dataset_methods'
  /home/jlefley/development/music/dabster/app/models/library/album.rb:8:in `ordered_library_items'
  /home/jlefley/development/music/dabster/app/controllers/dabster/library_albums_controller.rb:6:in `show'
  actionpack (4.0.4) lib/action_controller/metal/implicit_render.rb:4:in `send_action'
  actionpack (4.0.4) lib/abstract_controller/base.rb:189:in `process_action'
  actionpack (4.0.4) lib/action_controller/metal/rendering.rb:10:in `process_action'
  actionpack (4.0.4) lib/abstract_controller/callbacks.rb:18:in `block in process_action'
  activesupport (4.0.4) lib/active_support/callbacks.rb:373:in `_run__1013542049716649014__process_action__callbacks'
  activesupport (4.0.4) lib/active_support/callbacks.rb:80:in `run_callbacks'
  actionpack (4.0.4) lib/abstract_controller/callbacks.rb:17:in `process_action'
  actionpack (4.0.4) lib/action_controller/metal/rescue.rb:29:in `process_action'
  actionpack (4.0.4) lib/action_controller/metal/instrumentation.rb:31:in `block in process_action'
  activesupport (4.0.4) lib/active_support/notifications.rb:159:in `block in instrument'
  activesupport (4.0.4) lib/active_support/notifications/instrumenter.rb:20:in `instrument'
  activesupport (4.0.4) lib/active_support/notifications.rb:159:in `instrument'
  actionpack (4.0.4) lib/action_controller/metal/instrumentation.rb:30:in `process_action'
  actionpack (4.0.4) lib/action_controller/metal/params_wrapper.rb:250:in `process_action'
  sequel-rails (0.9.2) lib/sequel_rails/railties/controller_runtime.rb:17:in `process_action'
  actionpack (4.0.4) lib/abstract_controller/base.rb:136:in `process'
  actionpack (4.0.4) lib/abstract_controller/rendering.rb:44:in `process'
  actionpack (4.0.4) lib/action_controller/metal.rb:195:in `dispatch'
  actionpack (4.0.4) lib/action_controller/metal/rack_delegation.rb:13:in `dispatch'
  actionpack (4.0.4) lib/action_controller/metal.rb:231:in `block in action'
  actionpack (4.0.4) lib/action_dispatch/routing/route_set.rb:80:in `call'
  actionpack (4.0.4) lib/action_dispatch/routing/route_set.rb:80:in `dispatch'
  actionpack (4.0.4) lib/action_dispatch/routing/route_set.rb:48:in `call'
  actionpack (4.0.4) lib/action_dispatch/journey/router.rb:71:in `block in call'
  actionpack (4.0.4) lib/action_dispatch/journey/router.rb:59:in `each'
  actionpack (4.0.4) lib/action_dispatch/journey/router.rb:59:in `call'
  actionpack (4.0.4) lib/action_dispatch/routing/route_set.rb:674:in `call'
  railties (4.0.4) lib/rails/engine.rb:511:in `call'
  railties (4.0.4) lib/rails/railtie/configurable.rb:30:in `method_missing'
  actionpack (4.0.4) lib/action_dispatch/journey/router.rb:71:in `block in call'
  actionpack (4.0.4) lib/action_dispatch/journey/router.rb:59:in `each'
  actionpack (4.0.4) lib/action_dispatch/journey/router.rb:59:in `call'
  actionpack (4.0.4) lib/action_dispatch/routing/route_set.rb:674:in `call'
  rack (1.5.2) lib/rack/etag.rb:23:in `call'
  rack (1.5.2) lib/rack/conditionalget.rb:25:in `call'
  rack (1.5.2) lib/rack/head.rb:11:in `call'
  actionpack (4.0.4) lib/action_dispatch/middleware/params_parser.rb:27:in `call'
  actionpack (4.0.4) lib/action_dispatch/middleware/flash.rb:241:in `call'
  rack (1.5.2) lib/rack/session/abstract/id.rb:225:in `context'
  rack (1.5.2) lib/rack/session/abstract/id.rb:220:in `call'
  actionpack (4.0.4) lib/action_dispatch/middleware/cookies.rb:486:in `call'
  actionpack (4.0.4) lib/action_dispatch/middleware/callbacks.rb:29:in `block in call'
  activesupport (4.0.4) lib/active_support/callbacks.rb:373:in `_run__1931642765518844908__call__callbacks'
  activesupport (4.0.4) lib/active_support/callbacks.rb:80:in `run_callbacks'
  actionpack (4.0.4) lib/action_dispatch/middleware/callbacks.rb:27:in `call'
  actionpack (4.0.4) lib/action_dispatch/middleware/reloader.rb:64:in `call'
  actionpack (4.0.4) lib/action_dispatch/middleware/remote_ip.rb:76:in `call'
  actionpack (4.0.4) lib/action_dispatch/middleware/debug_exceptions.rb:17:in `call'
  actionpack (4.0.4) lib/action_dispatch/middleware/show_exceptions.rb:30:in `call'
  railties (4.0.4) lib/rails/rack/logger.rb:38:in `call_app'
  railties (4.0.4) lib/rails/rack/logger.rb:20:in `block in call'
  activesupport (4.0.4) lib/active_support/tagged_logging.rb:68:in `block in tagged'
  activesupport (4.0.4) lib/active_support/tagged_logging.rb:26:in `tagged'
  activesupport (4.0.4) lib/active_support/tagged_logging.rb:68:in `tagged'
  railties (4.0.4) lib/rails/rack/logger.rb:20:in `call'
  actionpack (4.0.4) lib/action_dispatch/middleware/request_id.rb:21:in `call'
  rack (1.5.2) lib/rack/methodoverride.rb:21:in `call'
  rack (1.5.2) lib/rack/runtime.rb:17:in `call'
  activesupport (4.0.4) lib/active_support/cache/strategy/local_cache.rb:83:in `call'
  rack (1.5.2) lib/rack/lock.rb:17:in `call'
  actionpack (4.0.4) lib/action_dispatch/middleware/static.rb:64:in `call'
  rack (1.5.2) lib/rack/sendfile.rb:112:in `call'
  railties (4.0.4) lib/rails/engine.rb:511:in `call'
  railties (4.0.4) lib/rails/application.rb:97:in `call'
  rack (1.5.2) lib/rack/lock.rb:17:in `call'
  rack (1.5.2) lib/rack/content_length.rb:14:in `call'
  rack (1.5.2) lib/rack/handler/webrick.rb:60:in `service'
  /home/jlefley/.rvm/rubies/ruby-2.0.0-p247/lib/ruby/2.0.0/webrick/httpserver.rb:138:in `service'
  /home/jlefley/.rvm/rubies/ruby-2.0.0-p247/lib/ruby/2.0.0/webrick/httpserver.rb:94:in `run'
  /home/jlefley/.rvm/rubies/ruby-2.0.0-p247/lib/ruby/2.0.0/webrick/server.rb:295:in `block in start_thread'


  Rendered /home/jlefley/.rvm/gems/ruby-2.0.0-p247@rails3212/gems/actionpack-4.0.4/lib/action_dispatch/middleware/templates/rescues/_source.erb (0.5ms)
  Rendered /home/jlefley/.rvm/gems/ruby-2.0.0-p247@rails3212/gems/actionpack-4.0.4/lib/action_dispatch/middleware/templates/rescues/_trace.erb (38.5ms)
  Rendered /home/jlefley/.rvm/gems/ruby-2.0.0-p247@rails3212/gems/actionpack-4.0.4/lib/action_dispatch/middleware/templates/rescues/_request_and_response.erb (1.6ms)
  Rendered /home/jlefley/.rvm/gems/ruby-2.0.0-p247@rails3212/gems/actionpack-4.0.4/lib/action_dispatch/middleware/templates/rescues/diagnostics.erb within rescues/layout (50.0ms)
  [1m[36mSequel::SQLite::Database (0.3ms)[0m  [1mPRAGMA foreign_keys = 1[0m
  [1m[35mSequel::SQLite::Database (0.0ms)[0m  PRAGMA case_sensitive_like = 1
  [1m[36mSequel::SQLite::Database (6.1ms)[0m  [1mATTACH DATABASE '/data/multimedia/musiclibrary.db' AS libdb[0m


Started GET "/library_albums/643" for 127.0.0.1 at 2014-03-31 17:22:50 -0700
Processing by Dabster::LibraryAlbumsController#show as HTML
  Parameters: {"id"=>"643"}
  [1m[35mSequel::SQLite::Database (1.0ms)[0m  PRAGMA table_info('albums')
  [1m[36mSequel::SQLite::Database (12.2ms)[0m  [1mSELECT * FROM `libdb`.`albums` WHERE (`id` = '643') LIMIT 1[0m
  [1m[35mSequel::SQLite::Database (1.3ms)[0m  PRAGMA table_info('items')
Completed 500 Internal Server Error in 33ms

NameError (uninitialized constant ArtistLibraryItemRelationship):
  /home/jlefley/development/music/dabster/lib/sequel/plugins/categorized_relationship.rb:16:in `const_get'
  /home/jlefley/development/music/dabster/lib/sequel/plugins/categorized_relationship.rb:16:in `categorized_relationship'
  /home/jlefley/development/music/dabster/app/models/dabster/library/item.rb:6:in `<class:Item>'
  /home/jlefley/development/music/dabster/app/models/dabster/library/item.rb:3:in `<module:Library>'
  /home/jlefley/development/music/dabster/app/models/dabster/library/item.rb:2:in `<module:Dabster>'
  /home/jlefley/development/music/dabster/app/models/dabster/library/item.rb:1:in `<top (required)>'
  activesupport (4.0.4) lib/active_support/inflector/methods.rb:228:in `const_get'
  activesupport (4.0.4) lib/active_support/inflector/methods.rb:228:in `block in constantize'
  activesupport (4.0.4) lib/active_support/inflector/methods.rb:224:in `each'
  activesupport (4.0.4) lib/active_support/inflector/methods.rb:224:in `inject'
  activesupport (4.0.4) lib/active_support/inflector/methods.rb:224:in `constantize'
  activesupport (4.0.4) lib/active_support/core_ext/string/inflections.rb:66:in `constantize'
  sequel (4.8.0) lib/sequel/model/inflections.rb:123:in `constantize'
  sequel (4.8.0) lib/sequel/model/associations.rb:53:in `block in associated_class'
  sequel (4.8.0) lib/sequel/model/associations.rb:417:in `block (2 levels) in cached_fetch'
  sequel (4.8.0) lib/sequel/model/associations.rb:417:in `fetch'
  sequel (4.8.0) lib/sequel/model/associations.rb:417:in `block in cached_fetch'
  sequel (4.8.0) lib/sequel/model/associations.rb:415:in `fetch'
  sequel (4.8.0) lib/sequel/model/associations.rb:415:in `cached_fetch'
  sequel (4.8.0) lib/sequel/model/associations.rb:53:in `associated_class'
  sequel (4.8.0) lib/sequel/model/associations.rb:59:in `block in associated_dataset'
  sequel (4.8.0) lib/sequel/model/associations.rb:417:in `block (2 levels) in cached_fetch'
  sequel (4.8.0) lib/sequel/model/associations.rb:417:in `fetch'
  sequel (4.8.0) lib/sequel/model/associations.rb:417:in `block in cached_fetch'
  sequel (4.8.0) lib/sequel/model/associations.rb:415:in `fetch'
  sequel (4.8.0) lib/sequel/model/associations.rb:415:in `cached_fetch'
  sequel (4.8.0) lib/sequel/model/associations.rb:59:in `associated_dataset'
  sequel (4.8.0) lib/sequel/model/associations.rb:1636:in `block in def_one_to_many'
  sequel (4.8.0) lib/sequel/model/associations.rb:1805:in `instance_exec'
  sequel (4.8.0) lib/sequel/model/associations.rb:1805:in `_dataset'
  sequel (4.8.0) lib/sequel/model/associations.rb:1422:in `block in def_association_dataset_methods'
  /home/jlefley/development/music/dabster/app/models/dabster/library/album.rb:8:in `ordered_library_items'
  /home/jlefley/development/music/dabster/app/controllers/dabster/library_albums_controller.rb:6:in `show'
  actionpack (4.0.4) lib/action_controller/metal/implicit_render.rb:4:in `send_action'
  actionpack (4.0.4) lib/abstract_controller/base.rb:189:in `process_action'
  actionpack (4.0.4) lib/action_controller/metal/rendering.rb:10:in `process_action'
  actionpack (4.0.4) lib/abstract_controller/callbacks.rb:18:in `block in process_action'
  activesupport (4.0.4) lib/active_support/callbacks.rb:373:in `_run__1296668318260740961__process_action__callbacks'
  activesupport (4.0.4) lib/active_support/callbacks.rb:80:in `run_callbacks'
  actionpack (4.0.4) lib/abstract_controller/callbacks.rb:17:in `process_action'
  actionpack (4.0.4) lib/action_controller/metal/rescue.rb:29:in `process_action'
  actionpack (4.0.4) lib/action_controller/metal/instrumentation.rb:31:in `block in process_action'
  activesupport (4.0.4) lib/active_support/notifications.rb:159:in `block in instrument'
  activesupport (4.0.4) lib/active_support/notifications/instrumenter.rb:20:in `instrument'
  activesupport (4.0.4) lib/active_support/notifications.rb:159:in `instrument'
  actionpack (4.0.4) lib/action_controller/metal/instrumentation.rb:30:in `process_action'
  actionpack (4.0.4) lib/action_controller/metal/params_wrapper.rb:250:in `process_action'
  sequel-rails (0.9.2) lib/sequel_rails/railties/controller_runtime.rb:17:in `process_action'
  actionpack (4.0.4) lib/abstract_controller/base.rb:136:in `process'
  actionpack (4.0.4) lib/abstract_controller/rendering.rb:44:in `process'
  actionpack (4.0.4) lib/action_controller/metal.rb:195:in `dispatch'
  actionpack (4.0.4) lib/action_controller/metal/rack_delegation.rb:13:in `dispatch'
  actionpack (4.0.4) lib/action_controller/metal.rb:231:in `block in action'
  actionpack (4.0.4) lib/action_dispatch/routing/route_set.rb:80:in `call'
  actionpack (4.0.4) lib/action_dispatch/routing/route_set.rb:80:in `dispatch'
  actionpack (4.0.4) lib/action_dispatch/routing/route_set.rb:48:in `call'
  actionpack (4.0.4) lib/action_dispatch/journey/router.rb:71:in `block in call'
  actionpack (4.0.4) lib/action_dispatch/journey/router.rb:59:in `each'
  actionpack (4.0.4) lib/action_dispatch/journey/router.rb:59:in `call'
  actionpack (4.0.4) lib/action_dispatch/routing/route_set.rb:674:in `call'
  railties (4.0.4) lib/rails/engine.rb:511:in `call'
  railties (4.0.4) lib/rails/railtie/configurable.rb:30:in `method_missing'
  actionpack (4.0.4) lib/action_dispatch/journey/router.rb:71:in `block in call'
  actionpack (4.0.4) lib/action_dispatch/journey/router.rb:59:in `each'
  actionpack (4.0.4) lib/action_dispatch/journey/router.rb:59:in `call'
  actionpack (4.0.4) lib/action_dispatch/routing/route_set.rb:674:in `call'
  rack (1.5.2) lib/rack/etag.rb:23:in `call'
  rack (1.5.2) lib/rack/conditionalget.rb:25:in `call'
  rack (1.5.2) lib/rack/head.rb:11:in `call'
  actionpack (4.0.4) lib/action_dispatch/middleware/params_parser.rb:27:in `call'
  actionpack (4.0.4) lib/action_dispatch/middleware/flash.rb:241:in `call'
  rack (1.5.2) lib/rack/session/abstract/id.rb:225:in `context'
  rack (1.5.2) lib/rack/session/abstract/id.rb:220:in `call'
  actionpack (4.0.4) lib/action_dispatch/middleware/cookies.rb:486:in `call'
  actionpack (4.0.4) lib/action_dispatch/middleware/callbacks.rb:29:in `block in call'
  activesupport (4.0.4) lib/active_support/callbacks.rb:373:in `_run__463401036253591101__call__callbacks'
  activesupport (4.0.4) lib/active_support/callbacks.rb:80:in `run_callbacks'
  actionpack (4.0.4) lib/action_dispatch/middleware/callbacks.rb:27:in `call'
  actionpack (4.0.4) lib/action_dispatch/middleware/reloader.rb:64:in `call'
  actionpack (4.0.4) lib/action_dispatch/middleware/remote_ip.rb:76:in `call'
  actionpack (4.0.4) lib/action_dispatch/middleware/debug_exceptions.rb:17:in `call'
  actionpack (4.0.4) lib/action_dispatch/middleware/show_exceptions.rb:30:in `call'
  railties (4.0.4) lib/rails/rack/logger.rb:38:in `call_app'
  railties (4.0.4) lib/rails/rack/logger.rb:20:in `block in call'
  activesupport (4.0.4) lib/active_support/tagged_logging.rb:68:in `block in tagged'
  activesupport (4.0.4) lib/active_support/tagged_logging.rb:26:in `tagged'
  activesupport (4.0.4) lib/active_support/tagged_logging.rb:68:in `tagged'
  railties (4.0.4) lib/rails/rack/logger.rb:20:in `call'
  actionpack (4.0.4) lib/action_dispatch/middleware/request_id.rb:21:in `call'
  rack (1.5.2) lib/rack/methodoverride.rb:21:in `call'
  rack (1.5.2) lib/rack/runtime.rb:17:in `call'
  activesupport (4.0.4) lib/active_support/cache/strategy/local_cache.rb:83:in `call'
  rack (1.5.2) lib/rack/lock.rb:17:in `call'
  actionpack (4.0.4) lib/action_dispatch/middleware/static.rb:64:in `call'
  rack (1.5.2) lib/rack/sendfile.rb:112:in `call'
  railties (4.0.4) lib/rails/engine.rb:511:in `call'
  railties (4.0.4) lib/rails/application.rb:97:in `call'
  rack (1.5.2) lib/rack/lock.rb:17:in `call'
  rack (1.5.2) lib/rack/content_length.rb:14:in `call'
  rack (1.5.2) lib/rack/handler/webrick.rb:60:in `service'
  /home/jlefley/.rvm/rubies/ruby-2.0.0-p247/lib/ruby/2.0.0/webrick/httpserver.rb:138:in `service'
  /home/jlefley/.rvm/rubies/ruby-2.0.0-p247/lib/ruby/2.0.0/webrick/httpserver.rb:94:in `run'
  /home/jlefley/.rvm/rubies/ruby-2.0.0-p247/lib/ruby/2.0.0/webrick/server.rb:295:in `block in start_thread'


  Rendered /home/jlefley/.rvm/gems/ruby-2.0.0-p247@rails3212/gems/actionpack-4.0.4/lib/action_dispatch/middleware/templates/rescues/_source.erb (0.6ms)
  Rendered /home/jlefley/.rvm/gems/ruby-2.0.0-p247@rails3212/gems/actionpack-4.0.4/lib/action_dispatch/middleware/templates/rescues/_trace.erb (1.3ms)
  Rendered /home/jlefley/.rvm/gems/ruby-2.0.0-p247@rails3212/gems/actionpack-4.0.4/lib/action_dispatch/middleware/templates/rescues/_request_and_response.erb (20.1ms)
  Rendered /home/jlefley/.rvm/gems/ruby-2.0.0-p247@rails3212/gems/actionpack-4.0.4/lib/action_dispatch/middleware/templates/rescues/diagnostics.erb within rescues/layout (31.5ms)
  [1m[36mSequel::SQLite::Database (0.3ms)[0m  [1mPRAGMA foreign_keys = 1[0m
  [1m[35mSequel::SQLite::Database (0.0ms)[0m  PRAGMA case_sensitive_like = 1
  [1m[36mSequel::SQLite::Database (3.7ms)[0m  [1mATTACH DATABASE '/data/multimedia/musiclibrary.db' AS libdb[0m


Started GET "/library_albums/643" for 127.0.0.1 at 2014-03-31 17:26:49 -0700
Processing by Dabster::LibraryAlbumsController#show as HTML
  Parameters: {"id"=>"643"}
  [1m[35mSequel::SQLite::Database (1.0ms)[0m  PRAGMA table_info('albums')
  [1m[36mSequel::SQLite::Database (6.2ms)[0m  [1mSELECT * FROM `libdb`.`albums` WHERE (`id` = '643') LIMIT 1[0m
  [1m[35mSequel::SQLite::Database (1.4ms)[0m  PRAGMA table_info('items')
  [1m[36mSequel::SQLite::Database (0.1ms)[0m  [1mPRAGMA table_info('artist_library_item_relationships')[0m
  [1m[35mSequel::SQLite::Database (2.5ms)[0m  SELECT * FROM `artist_library_item_relationships` LIMIT 1
  [1m[36mSequel::SQLite::Database (446.2ms)[0m  [1mSELECT * FROM `libdb`.`items` WHERE (`libdb`.`items`.`album_id` = 643) ORDER BY `track`[0m
  [1m[35mSequel::SQLite::Database (0.1ms)[0m  PRAGMA table_info('groups')
  [1m[36mSequel::SQLite::Database (5.6ms)[0m  [1mSELECT * FROM `groups` LIMIT 1[0m
  [1m[35mSequel::SQLite::Database (0.1ms)[0m  PRAGMA table_info('artist_group_relationships')
  [1m[36mSequel::SQLite::Database (2.3ms)[0m  [1mSELECT * FROM `artist_group_relationships` LIMIT 1[0m
  [1m[35mSequel::SQLite::Database (2.5ms)[0m  SELECT * FROM `groups` WHERE (`groups`.`library_album_id` = 643) LIMIT 1
Completed 500 Internal Server Error in 497ms

Sequel::DatabaseError (SQLite3::SQLException: no such table: groups):
  sqlite3 (1.3.9) lib/sqlite3/database.rb:91:in `initialize'
  sqlite3 (1.3.9) lib/sqlite3/database.rb:91:in `new'
  sqlite3 (1.3.9) lib/sqlite3/database.rb:91:in `prepare'
  sqlite3 (1.3.9) lib/sqlite3/database.rb:266:in `query'
  sequel (4.8.0) lib/sequel/adapters/sqlite.rb:179:in `block (2 levels) in _execute'
  sequel-rails (0.9.2) lib/sequel_rails/sequel/database/active_support_notification.rb:16:in `block in log_yield'
  activesupport (4.0.4) lib/active_support/notifications.rb:159:in `block in instrument'
  activesupport (4.0.4) lib/active_support/notifications/instrumenter.rb:20:in `instrument'
  activesupport (4.0.4) lib/active_support/notifications.rb:159:in `instrument'
  sequel-rails (0.9.2) lib/sequel_rails/sequel/database/active_support_notification.rb:10:in `log_yield'
  sequel (4.8.0) lib/sequel/adapters/sqlite.rb:179:in `block in _execute'
  sequel (4.8.0) lib/sequel/database/connecting.rb:229:in `block in synchronize'
  sequel (4.8.0) lib/sequel/connection_pool/threaded.rb:104:in `hold'
  sequel (4.8.0) lib/sequel/database/connecting.rb:229:in `synchronize'
  sequel (4.8.0) lib/sequel/adapters/sqlite.rb:172:in `_execute'
  sequel (4.8.0) lib/sequel/adapters/sqlite.rb:122:in `execute'
  sequel (4.8.0) lib/sequel/dataset/actions.rb:795:in `execute'
  sequel (4.8.0) lib/sequel/adapters/sqlite.rb:356:in `fetch_rows'
  sequel (4.8.0) lib/sequel/dataset/actions.rb:141:in `each'
  sequel (4.8.0) lib/sequel/dataset/actions.rb:46:in `all'
  sequel (4.8.0) lib/sequel/model/associations.rb:1825:in `_load_associated_object_array'
  sequel (4.8.0) lib/sequel/model/associations.rb:1819:in `_load_associated_object'
  sequel (4.8.0) lib/sequel/model/associations.rb:1837:in `_load_associated_objects'
  sequel (4.8.0) lib/sequel/model/associations.rb:1924:in `load_associated_objects'
  sequel (4.8.0) lib/sequel/model/associations.rb:1428:in `block in def_association_method'
  /home/jlefley/development/music/dabster/app/controllers/dabster/library_albums_controller.rb:7:in `show'
  actionpack (4.0.4) lib/action_controller/metal/implicit_render.rb:4:in `send_action'
  actionpack (4.0.4) lib/abstract_controller/base.rb:189:in `process_action'
  actionpack (4.0.4) lib/action_controller/metal/rendering.rb:10:in `process_action'
  actionpack (4.0.4) lib/abstract_controller/callbacks.rb:18:in `block in process_action'
  activesupport (4.0.4) lib/active_support/callbacks.rb:373:in `_run__1284631222597995035__process_action__callbacks'
  activesupport (4.0.4) lib/active_support/callbacks.rb:80:in `run_callbacks'
  actionpack (4.0.4) lib/abstract_controller/callbacks.rb:17:in `process_action'
  actionpack (4.0.4) lib/action_controller/metal/rescue.rb:29:in `process_action'
  actionpack (4.0.4) lib/action_controller/metal/instrumentation.rb:31:in `block in process_action'
  activesupport (4.0.4) lib/active_support/notifications.rb:159:in `block in instrument'
  activesupport (4.0.4) lib/active_support/notifications/instrumenter.rb:20:in `instrument'
  activesupport (4.0.4) lib/active_support/notifications.rb:159:in `instrument'
  actionpack (4.0.4) lib/action_controller/metal/instrumentation.rb:30:in `process_action'
  actionpack (4.0.4) lib/action_controller/metal/params_wrapper.rb:250:in `process_action'
  sequel-rails (0.9.2) lib/sequel_rails/railties/controller_runtime.rb:17:in `process_action'
  actionpack (4.0.4) lib/abstract_controller/base.rb:136:in `process'
  actionpack (4.0.4) lib/abstract_controller/rendering.rb:44:in `process'
  actionpack (4.0.4) lib/action_controller/metal.rb:195:in `dispatch'
  actionpack (4.0.4) lib/action_controller/metal/rack_delegation.rb:13:in `dispatch'
  actionpack (4.0.4) lib/action_controller/metal.rb:231:in `block in action'
  actionpack (4.0.4) lib/action_dispatch/routing/route_set.rb:80:in `call'
  actionpack (4.0.4) lib/action_dispatch/routing/route_set.rb:80:in `dispatch'
  actionpack (4.0.4) lib/action_dispatch/routing/route_set.rb:48:in `call'
  actionpack (4.0.4) lib/action_dispatch/journey/router.rb:71:in `block in call'
  actionpack (4.0.4) lib/action_dispatch/journey/router.rb:59:in `each'
  actionpack (4.0.4) lib/action_dispatch/journey/router.rb:59:in `call'
  actionpack (4.0.4) lib/action_dispatch/routing/route_set.rb:674:in `call'
  railties (4.0.4) lib/rails/engine.rb:511:in `call'
  railties (4.0.4) lib/rails/railtie/configurable.rb:30:in `method_missing'
  actionpack (4.0.4) lib/action_dispatch/journey/router.rb:71:in `block in call'
  actionpack (4.0.4) lib/action_dispatch/journey/router.rb:59:in `each'
  actionpack (4.0.4) lib/action_dispatch/journey/router.rb:59:in `call'
  actionpack (4.0.4) lib/action_dispatch/routing/route_set.rb:674:in `call'
  rack (1.5.2) lib/rack/etag.rb:23:in `call'
  rack (1.5.2) lib/rack/conditionalget.rb:25:in `call'
  rack (1.5.2) lib/rack/head.rb:11:in `call'
  actionpack (4.0.4) lib/action_dispatch/middleware/params_parser.rb:27:in `call'
  actionpack (4.0.4) lib/action_dispatch/middleware/flash.rb:241:in `call'
  rack (1.5.2) lib/rack/session/abstract/id.rb:225:in `context'
  rack (1.5.2) lib/rack/session/abstract/id.rb:220:in `call'
  actionpack (4.0.4) lib/action_dispatch/middleware/cookies.rb:486:in `call'
  actionpack (4.0.4) lib/action_dispatch/middleware/callbacks.rb:29:in `block in call'
  activesupport (4.0.4) lib/active_support/callbacks.rb:373:in `_run__2381337553566108854__call__callbacks'
  activesupport (4.0.4) lib/active_support/callbacks.rb:80:in `run_callbacks'
  actionpack (4.0.4) lib/action_dispatch/middleware/callbacks.rb:27:in `call'
  actionpack (4.0.4) lib/action_dispatch/middleware/reloader.rb:64:in `call'
  actionpack (4.0.4) lib/action_dispatch/middleware/remote_ip.rb:76:in `call'
  actionpack (4.0.4) lib/action_dispatch/middleware/debug_exceptions.rb:17:in `call'
  actionpack (4.0.4) lib/action_dispatch/middleware/show_exceptions.rb:30:in `call'
  railties (4.0.4) lib/rails/rack/logger.rb:38:in `call_app'
  railties (4.0.4) lib/rails/rack/logger.rb:20:in `block in call'
  activesupport (4.0.4) lib/active_support/tagged_logging.rb:68:in `block in tagged'
  activesupport (4.0.4) lib/active_support/tagged_logging.rb:26:in `tagged'
  activesupport (4.0.4) lib/active_support/tagged_logging.rb:68:in `tagged'
  railties (4.0.4) lib/rails/rack/logger.rb:20:in `call'
  actionpack (4.0.4) lib/action_dispatch/middleware/request_id.rb:21:in `call'
  rack (1.5.2) lib/rack/methodoverride.rb:21:in `call'
  rack (1.5.2) lib/rack/runtime.rb:17:in `call'
  activesupport (4.0.4) lib/active_support/cache/strategy/local_cache.rb:83:in `call'
  rack (1.5.2) lib/rack/lock.rb:17:in `call'
  actionpack (4.0.4) lib/action_dispatch/middleware/static.rb:64:in `call'
  rack (1.5.2) lib/rack/sendfile.rb:112:in `call'
  railties (4.0.4) lib/rails/engine.rb:511:in `call'
  railties (4.0.4) lib/rails/application.rb:97:in `call'
  rack (1.5.2) lib/rack/lock.rb:17:in `call'
  rack (1.5.2) lib/rack/content_length.rb:14:in `call'
  rack (1.5.2) lib/rack/handler/webrick.rb:60:in `service'
  /home/jlefley/.rvm/rubies/ruby-2.0.0-p247/lib/ruby/2.0.0/webrick/httpserver.rb:138:in `service'
  /home/jlefley/.rvm/rubies/ruby-2.0.0-p247/lib/ruby/2.0.0/webrick/httpserver.rb:94:in `run'
  /home/jlefley/.rvm/rubies/ruby-2.0.0-p247/lib/ruby/2.0.0/webrick/server.rb:295:in `block in start_thread'


  Rendered /home/jlefley/.rvm/gems/ruby-2.0.0-p247@rails3212/gems/actionpack-4.0.4/lib/action_dispatch/middleware/templates/rescues/_source.erb (0.5ms)
  Rendered /home/jlefley/.rvm/gems/ruby-2.0.0-p247@rails3212/gems/actionpack-4.0.4/lib/action_dispatch/middleware/templates/rescues/_trace.erb (1.3ms)
  Rendered /home/jlefley/.rvm/gems/ruby-2.0.0-p247@rails3212/gems/actionpack-4.0.4/lib/action_dispatch/middleware/templates/rescues/_request_and_response.erb (20.1ms)
  Rendered /home/jlefley/.rvm/gems/ruby-2.0.0-p247@rails3212/gems/actionpack-4.0.4/lib/action_dispatch/middleware/templates/rescues/diagnostics.erb within rescues/layout (31.6ms)
